This is XeTeX, Version 3.14159265-2.6-0.99992 (TeX Live 2015/Debian) (preloaded format=xelatex 2017.7.13)  14 JUL 2017 14:00
entering extended mode
 restricted \write18 enabled.
 %&-line parsing enabled.
**Chapter_2.tex
(./Chapter_2.tex
LaTeX2e <2016/02/01>
Babel <3.9q> and hyphenation patterns for 14 language(s) loaded.
! Undefined control sequence.
l.1 \chapter
            {çŸ¥è¯†è¡¨ç¤ºæ–¹æ³•}
The control sequence at the end of the top line
of your error message was never \def'ed. If you have
misspelled it (e.g., `\hobx'), type `I' and the correct
spelling (e.g., `I\hbox'). Otherwise just continue,
and I'll forget about whatever was undefined.


! LaTeX Error: Missing \begin{document}.

See the LaTeX manual or LaTeX Companion for explanation.
Type  H <return>  for immediate help.
 ...                                              
                                                  
l.1 \chapter{çŸ¥
                è¯†è¡¨ç¤ºæ–¹æ³•}
You're in trouble here.  Try typing  <return>  to proceed.
If that doesn't work, type  X <return>  to quit.

Missing character: There is no çŸ¥ in font nullfont!
Missing character: There is no è¯† in font nullfont!
Missing character: There is no è¡¨ in font nullfont!
Missing character: There is no ç¤º in font nullfont!
Missing character: There is no æ–¹ in font nullfont!
Missing character: There is no æ³• in font nullfont!

Overfull \hbox (20.0pt too wide) in paragraph at lines 1--2
[] 
 []


! LaTeX Error: Environment question undefined.

See the LaTeX manual or LaTeX Companion for explanation.
Type  H <return>  for immediate help.
 ...                                              
                                                  
l.3 \begin{question}
                    
Your command was ignored.
Type  I <command> <return>  to replace it with another command,
or  <return>  to continue without it.


! LaTeX Error: Missing \begin{document}.

See the LaTeX manual or LaTeX Companion for explanation.
Type  H <return>  for immediate help.
 ...                                              
                                                  
l.4 çŠ¶
       æ€ç©ºé—´æ³•ã€é—®é¢˜å½’çº¦æ³•ã€è°“è¯é€»è¾‘æ³•å’Œè¯­ä¹‰ç½‘ç»œæ³•çš„...

You're in trouble here.  Try typing  <return>  to proceed.
If that doesn't work, type  X <return>  to quit.

Missing character: There is no çŠ¶ in font nullfont!
Missing character: There is no æ€ in font nullfont!
Missing character: There is no ç©º in font nullfont!
Missing character: There is no é—´ in font nullfont!
Missing character: There is no æ³• in font nullfont!
Missing character: There is no ã€ in font nullfont!
Missing character: There is no é—® in font nullfont!
Missing character: There is no é¢˜ in font nullfont!
Missing character: There is no å½’ in font nullfont!
Missing character: There is no çº¦ in font nullfont!
Missing character: There is no æ³• in font nullfont!
Missing character: There is no ã€ in font nullfont!
Missing character: There is no è°“ in font nullfont!
Missing character: There is no è¯ in font nullfont!
Missing character: There is no é€» in font nullfont!
Missing character: There is no è¾‘ in font nullfont!
Missing character: There is no æ³• in font nullfont!
Missing character: There is no å’Œ in font nullfont!
Missing character: There is no è¯­ in font nullfont!
Missing character: There is no ä¹‰ in font nullfont!
Missing character: There is no ç½‘ in font nullfont!
Missing character: There is no ç»œ in font nullfont!
Missing character: There is no æ³• in font nullfont!
Missing character: There is no çš„ in font nullfont!
Missing character: There is no è¦ in font nullfont!
Missing character: There is no ç‚¹ in font nullfont!
Missing character: There is no æ˜¯ in font nullfont!
Missing character: There is no ä»€ in font nullfont!
Missing character: There is no ä¹ˆ in font nullfont!
Missing character: There is no ï¼Ÿ in font nullfont!
Missing character: There is no å®ƒ in font nullfont!
Missing character: There is no ä»¬ in font nullfont!
Missing character: There is no æœ‰ in font nullfont!
Missing character: There is no ä½• in font nullfont!
Missing character: There is no æœ¬ in font nullfont!
Missing character: There is no è´¨ in font nullfont!
Missing character: There is no ä¸Š in font nullfont!
Missing character: There is no çš„ in font nullfont!
Missing character: There is no è” in font nullfont!
Missing character: There is no ç³» in font nullfont!
Missing character: There is no åŠ in font nullfont!
Missing character: There is no å¼‚ in font nullfont!
Missing character: There is no åŒ in font nullfont!
Missing character: There is no ç‚¹ in font nullfont!
Missing character: There is no ï¼Ÿ in font nullfont!

! LaTeX Error: \begin{document} ended by \end{question}.

See the LaTeX manual or LaTeX Companion for explanation.
Type  H <return>  for immediate help.
 ...                                              
                                                  
l.5 \end{question}
                  
Your command was ignored.
Type  I <command> <return>  to replace it with another command,
or  <return>  to continue without it.


! LaTeX Error: Environment solution undefined.

See the LaTeX manual or LaTeX Companion for explanation.
Type  H <return>  for immediate help.
 ...                                              
                                                  
l.6 \begin{solution}
                    
Your command was ignored.
Type  I <command> <return>  to replace it with another command,
or  <return>  to continue without it.

Missing character: There is no çŠ¶ in font nullfont!
Missing character: There is no æ€ in font nullfont!
Missing character: There is no ç©º in font nullfont!
Missing character: There is no é—´ in font nullfont!
Missing character: There is no æ³• in font nullfont!
Missing character: There is no ï¼š in font nullfont!
Missing character: There is no åŸº in font nullfont!
Missing character: There is no äº in font nullfont!
Missing character: There is no è§£ in font nullfont!
Missing character: There is no ç­” in font nullfont!
Missing character: There is no ç©º in font nullfont!
Missing character: There is no é—´ in font nullfont!
Missing character: There is no çš„ in font nullfont!
Missing character: There is no é—® in font nullfont!
Missing character: There is no é¢˜ in font nullfont!
Missing character: There is no è¡¨ in font nullfont!
Missing character: There is no ç¤º in font nullfont!
Missing character: There is no å’Œ in font nullfont!
Missing character: There is no æ±‚ in font nullfont!
Missing character: There is no è§£ in font nullfont!
Missing character: There is no æ–¹ in font nullfont!
Missing character: There is no æ³• in font nullfont!
Missing character: There is no ï¼Œ in font nullfont!
Missing character: There is no å®ƒ in font nullfont!
Missing character: There is no æ˜¯ in font nullfont!
Missing character: There is no ä»¥ in font nullfont!
Missing character: There is no çŠ¶ in font nullfont!
Missing character: There is no æ€ in font nullfont!
Missing character: There is no å’Œ in font nullfont!
Missing character: There is no ç®— in font nullfont!
Missing character: There is no ç¬¦ in font nullfont!
Missing character: There is no ä¸º in font nullfont!
Missing character: There is no åŸº in font nullfont!
Missing character: There is no ç¡€ in font nullfont!
Missing character: There is no æ¥ in font nullfont!
Missing character: There is no è¡¨ in font nullfont!
Missing character: There is no ç¤º in font nullfont!
Missing character: There is no å’Œ in font nullfont!
Missing character: There is no æ±‚ in font nullfont!
Missing character: There is no è§£ in font nullfont!
Missing character: There is no é—® in font nullfont!
Missing character: There is no é¢˜ in font nullfont!
Missing character: There is no çš„ in font nullfont!
Missing character: There is no ã€‚ in font nullfont!
Missing character: There is no ä¸€ in font nullfont!
Missing character: There is no èˆ¬ in font nullfont!
Missing character: There is no ç”¨ in font nullfont!
Missing character: There is no çŠ¶ in font nullfont!
Missing character: There is no æ€ in font nullfont!
Missing character: There is no ç©º in font nullfont!
Missing character: There is no é—´ in font nullfont!
Missing character: There is no æ³• in font nullfont!
Missing character: There is no æ¥ in font nullfont!
Missing character: There is no è¡¨ in font nullfont!
Missing character: There is no ç¤º in font nullfont!
Missing character: There is no ä¸‹ in font nullfont!
Missing character: There is no è¿° in font nullfont!
Missing character: There is no æ–¹ in font nullfont!
Missing character: There is no æ³• in font nullfont!
Missing character: There is no ï¼š in font nullfont!
Missing character: There is no ä» in font nullfont!
Missing character: There is no æŸ in font nullfont!
Missing character: There is no ä¸ª in font nullfont!
Missing character: There is no åˆ in font nullfont!
Missing character: There is no å§‹ in font nullfont!
Missing character: There is no çŠ¶ in font nullfont!
Missing character: There is no æ€ in font nullfont!
Missing character: There is no å¼€ in font nullfont!
Missing character: There is no å§‹ in font nullfont!
Missing character: There is no ï¼Œ in font nullfont!
Missing character: There is no æ¯ in font nullfont!
Missing character: There is no æ¬¡ in font nullfont!
Missing character: There is no åŠ  in font nullfont!
Missing character: There is no ä¸€ in font nullfont!
Missing character: There is no ä¸ª in font nullfont!
Missing character: There is no æ“ in font nullfont!
Missing character: There is no ä½œ in font nullfont!
Missing character: There is no ç¬¦ in font nullfont!
Missing character: There is no ï¼Œ in font nullfont!
Missing character: There is no é€’ in font nullfont!
Missing character: There is no å¢ in font nullfont!
Missing character: There is no çš„ in font nullfont!
Missing character: There is no å»º in font nullfont!
Missing character: There is no ç«‹ in font nullfont!
Missing character: There is no èµ· in font nullfont!
Missing character: There is no æ“ in font nullfont!
Missing character: There is no ä½œ in font nullfont!
Missing character: There is no ç¬¦ in font nullfont!
Missing character: There is no çš„ in font nullfont!
Missing character: There is no è¯• in font nullfont!
Missing character: There is no éªŒ in font nullfont!
Missing character: There is no åº in font nullfont!
Missing character: There is no åˆ— in font nullfont!
Missing character: There is no ï¼Œ in font nullfont!
Missing character: There is no ç›´ in font nullfont!
Missing character: There is no åˆ° in font nullfont!
Missing character: There is no è¾¾ in font nullfont!
Missing character: There is no åˆ° in font nullfont!
Missing character: There is no ç›® in font nullfont!
Missing character: There is no æ ‡ in font nullfont!
Missing character: There is no çŠ¶ in font nullfont!
Missing character: There is no æ€ in font nullfont!
Missing character: There is no ä¸º in font nullfont!
Missing character: There is no æ­¢ in font nullfont!
Missing character: There is no ã€‚ in font nullfont!
Missing character: There is no é—® in font nullfont!
Missing character: There is no é¢˜ in font nullfont!
Missing character: There is no è§„ in font nullfont!
Missing character: There is no çº¦ in font nullfont!
Missing character: There is no æ³• in font nullfont!
Missing character: There is no ï¼š in font nullfont!
Missing character: There is no å·² in font nullfont!
Missing character: There is no çŸ¥ in font nullfont!
Missing character: There is no é—® in font nullfont!
Missing character: There is no é¢˜ in font nullfont!
Missing character: There is no çš„ in font nullfont!
Missing character: There is no æ in font nullfont!
Missing character: There is no è¿° in font nullfont!
Missing character: There is no ï¼Œ in font nullfont!
Missing character: There is no é€š in font nullfont!
Missing character: There is no è¿‡ in font nullfont!
Missing character: There is no ä¸€ in font nullfont!
Missing character: There is no ç³» in font nullfont!
Missing character: There is no åˆ— in font nullfont!
Missing character: There is no å˜ in font nullfont!
Missing character: There is no æ¢ in font nullfont!
Missing character: There is no æŠŠ in font nullfont!
Missing character: There is no æ­¤ in font nullfont!
Missing character: There is no é—® in font nullfont!
Missing character: There is no é¢˜ in font nullfont!
Missing character: There is no æœ€ in font nullfont!
Missing character: There is no ç»ˆ in font nullfont!
Missing character: There is no å˜ in font nullfont!
Missing character: There is no æˆ in font nullfont!
Missing character: There is no ä¸€ in font nullfont!
Missing character: There is no ä¸ª in font nullfont!
Missing character: There is no å­ in font nullfont!
Missing character: There is no é—® in font nullfont!
Missing character: There is no é¢˜ in font nullfont!
Missing character: There is no é›† in font nullfont!
Missing character: There is no åˆ in font nullfont!
Missing character: There is no ï¼š in font nullfont!
Missing character: There is no è¿™ in font nullfont!
Missing character: There is no äº› in font nullfont!
Missing character: There is no å­ in font nullfont!
Missing character: There is no é—® in font nullfont!
Missing character: There is no é¢˜ in font nullfont!
Missing character: There is no çš„ in font nullfont!
Missing character: There is no è§£ in font nullfont!
Missing character: There is no å¯ in font nullfont!
Missing character: There is no ä»¥ in font nullfont!
Missing character: There is no ç›´ in font nullfont!
Missing character: There is no æ¥ in font nullfont!
Missing character: There is no å¾— in font nullfont!
Missing character: There is no åˆ° in font nullfont!
Missing character: There is no ï¼Œ in font nullfont!
Missing character: There is no ä» in font nullfont!
Missing character: There is no è€Œ in font nullfont!
Missing character: There is no è§£ in font nullfont!
Missing character: There is no å†³ in font nullfont!
Missing character: There is no äº† in font nullfont!
Missing character: There is no åˆ in font nullfont!
Missing character: There is no å§‹ in font nullfont!
Missing character: There is no é—® in font nullfont!
Missing character: There is no é¢˜ in font nullfont!
Missing character: There is no ã€‚ in font nullfont!
Missing character: There is no é—® in font nullfont!
Missing character: There is no é¢˜ in font nullfont!
Missing character: There is no è§„ in font nullfont!
Missing character: There is no çº¦ in font nullfont!
Missing character: There is no çš„ in font nullfont!
Missing character: There is no å® in font nullfont!
Missing character: There is no è´¨ in font nullfont!
Missing character: There is no ï¼š in font nullfont!
Missing character: There is no ä» in font nullfont!
Missing character: There is no ç›® in font nullfont!
Missing character: There is no æ ‡ in font nullfont!
Missing character: There is no ï¼ˆ in font nullfont!
Missing character: There is no è¦ in font nullfont!
Missing character: There is no è§£ in font nullfont!
Missing character: There is no å†³ in font nullfont!
Missing character: There is no çš„ in font nullfont!
Missing character: There is no é—® in font nullfont!
Missing character: There is no é¢˜ in font nullfont!
Missing character: There is no ï¼‰ in font nullfont!
Missing character: There is no å‡º in font nullfont!
Missing character: There is no å‘ in font nullfont!
Missing character: There is no é€† in font nullfont!
Missing character: There is no å‘ in font nullfont!
Missing character: There is no æ¨ in font nullfont!
Missing character: There is no ç† in font nullfont!
Missing character: There is no ï¼Œ in font nullfont!
Missing character: There is no å»º in font nullfont!
Missing character: There is no ç«‹ in font nullfont!
Missing character: There is no å­ in font nullfont!
Missing character: There is no é—® in font nullfont!
Missing character: There is no é¢˜ in font nullfont!
Missing character: There is no ä»¥ in font nullfont!
Missing character: There is no åŠ in font nullfont!
Missing character: There is no å­ in font nullfont!
Missing character: There is no é—® in font nullfont!
Missing character: There is no é¢˜ in font nullfont!
Missing character: There is no çš„ in font nullfont!
Missing character: There is no å­ in font nullfont!
Missing character: There is no é—® in font nullfont!
Missing character: There is no é¢˜ in font nullfont!
Missing character: There is no ï¼Œ in font nullfont!
Missing character: There is no ç›´ in font nullfont!
Missing character: There is no è‡³ in font nullfont!
Missing character: There is no æœ€ in font nullfont!
Missing character: There is no å in font nullfont!
Missing character: There is no æŠŠ in font nullfont!
Missing character: There is no å‡º in font nullfont!
Missing character: There is no ç¤º in font nullfont!
Missing character: There is no é—® in font nullfont!
Missing character: There is no é¢˜ in font nullfont!
Missing character: There is no è§„ in font nullfont!
Missing character: There is no çº¦ in font nullfont!
Missing character: There is no ä¸º in font nullfont!
Missing character: There is no ä¸€ in font nullfont!
Missing character: There is no ä¸ª in font nullfont!
Missing character: There is no å¹³ in font nullfont!
Missing character: There is no å‡¡ in font nullfont!
Missing character: There is no çš„ in font nullfont!
Missing character: There is no æœ¬ in font nullfont!
Missing character: There is no åŸ in font nullfont!
Missing character: There is no é—® in font nullfont!
Missing character: There is no é¢˜ in font nullfont!
Missing character: There is no é›† in font nullfont!
Missing character: There is no åˆ in font nullfont!
Missing character: There is no ã€‚ in font nullfont!
Missing character: There is no è°“ in font nullfont!
Missing character: There is no è¯ in font nullfont!
Missing character: There is no é€» in font nullfont!
Missing character: There is no è¾‘ in font nullfont!
Missing character: There is no æ³• in font nullfont!
Missing character: There is no ï¼š in font nullfont!
Missing character: There is no é‡‡ in font nullfont!
Missing character: There is no ç”¨ in font nullfont!
Missing character: There is no è°“ in font nullfont!
Missing character: There is no è¯ in font nullfont!
Missing character: There is no åˆ in font nullfont!
Missing character: There is no å¼ in font nullfont!
Missing character: There is no å…¬ in font nullfont!
Missing character: There is no å¼ in font nullfont!
Missing character: There is no å’Œ in font nullfont!
Missing character: There is no ä¸€ in font nullfont!
Missing character: There is no é˜¶ in font nullfont!
Missing character: There is no è°“ in font nullfont!
Missing character: There is no è¯ in font nullfont!
Missing character: There is no ç®— in font nullfont!
Missing character: There is no æ³• in font nullfont!
Missing character: There is no ã€‚ in font nullfont!
Missing character: There is no è¦ in font nullfont!
Missing character: There is no è§£ in font nullfont!
Missing character: There is no å†³ in font nullfont!
Missing character: There is no çš„ in font nullfont!
Missing character: There is no é—® in font nullfont!
Missing character: There is no é¢˜ in font nullfont!
Missing character: There is no å˜ in font nullfont!
Missing character: There is no ä¸º in font nullfont!
Missing character: There is no ä¸€ in font nullfont!
Missing character: There is no ä¸ª in font nullfont!
Missing character: There is no æœ‰ in font nullfont!
Missing character: There is no å¾… in font nullfont!
Missing character: There is no è¯ in font nullfont!
Missing character: There is no æ˜ in font nullfont!
Missing character: There is no çš„ in font nullfont!
Missing character: There is no é—® in font nullfont!
Missing character: There is no é¢˜ in font nullfont!
Missing character: There is no ï¼Œ in font nullfont!
Missing character: There is no ç„¶ in font nullfont!
Missing character: There is no å in font nullfont!
Missing character: There is no é‡‡ in font nullfont!
Missing character: There is no ç”¨ in font nullfont!
Missing character: There is no æ¶ˆ in font nullfont!
Missing character: There is no è§£ in font nullfont!
Missing character: There is no å®š in font nullfont!
Missing character: There is no ç† in font nullfont!
Missing character: There is no å’Œ in font nullfont!
Missing character: There is no æ¶ˆ in font nullfont!
Missing character: There is no è§£ in font nullfont!
Missing character: There is no å in font nullfont!
Missing character: There is no æ¼” in font nullfont!
Missing character: There is no è± in font nullfont!
Missing character: There is no è¯ in font nullfont!
Missing character: There is no æ˜ in font nullfont!
Missing character: There is no ä¸€ in font nullfont!
Missing character: There is no ä¸ª in font nullfont!
Missing character: There is no æ–° in font nullfont!
Missing character: There is no è¯­ in font nullfont!
Missing character: There is no å¥ in font nullfont!
Missing character: There is no æ˜¯ in font nullfont!
Missing character: There is no ä» in font nullfont!
Missing character: There is no å·² in font nullfont!
Missing character: There is no çŸ¥ in font nullfont!
Missing character: There is no çš„ in font nullfont!
Missing character: There is no æ­£ in font nullfont!
Missing character: There is no ç¡® in font nullfont!
Missing character: There is no è¯­ in font nullfont!
Missing character: There is no å¥ in font nullfont!
Missing character: There is no å¯¼ in font nullfont!
Missing character: There is no å‡º in font nullfont!
Missing character: There is no çš„ in font nullfont!
Missing character: There is no ï¼Œ in font nullfont!
Missing character: There is no ä» in font nullfont!
Missing character: There is no è€Œ in font nullfont!
Missing character: There is no è¯ in font nullfont!
Missing character: There is no æ˜ in font nullfont!
Missing character: There is no è¿™ in font nullfont!
Missing character: There is no ä¸ª in font nullfont!
Missing character: There is no æ–° in font nullfont!
Missing character: There is no è¯­ in font nullfont!
Missing character: There is no å¥ in font nullfont!
Missing character: There is no ä¹Ÿ in font nullfont!
Missing character: There is no æ˜¯ in font nullfont!
Missing character: There is no æ­£ in font nullfont!
Missing character: There is no ç¡® in font nullfont!
Missing character: There is no çš„ in font nullfont!
Missing character: There is no ã€‚ in font nullfont!
Missing character: There is no è¯­ in font nullfont!
Missing character: There is no ä¹‰ in font nullfont!
Missing character: There is no ç½‘ in font nullfont!
Missing character: There is no ç»œ in font nullfont!
Missing character: There is no æ³• in font nullfont!
Missing character: There is no ï¼š in font nullfont!
Missing character: There is no æ˜¯ in font nullfont!
Missing character: There is no ä¸€ in font nullfont!
Missing character: There is no ç§ in font nullfont!
Missing character: There is no ç»“ in font nullfont!
Missing character: There is no æ„ in font nullfont!
Missing character: There is no åŒ– in font nullfont!
Missing character: There is no è¡¨ in font nullfont!
Missing character: There is no ç¤º in font nullfont!
Missing character: There is no æ–¹ in font nullfont!
Missing character: There is no æ³• in font nullfont!
Missing character: There is no ï¼Œ in font nullfont!
Missing character: There is no å®ƒ in font nullfont!
Missing character: There is no ç”± in font nullfont!
Missing character: There is no èŠ‚ in font nullfont!
Missing character: There is no ç‚¹ in font nullfont!
Missing character: There is no å’Œ in font nullfont!
Missing character: There is no å¼§ in font nullfont!
Missing character: There is no çº¿ in font nullfont!
Missing character: There is no æˆ– in font nullfont!
Missing character: There is no é“¾ in font nullfont!
Missing character: There is no ç»„ in font nullfont!
Missing character: There is no æˆ in font nullfont!
Missing character: There is no ã€‚ in font nullfont!
Missing character: There is no èŠ‚ in font nullfont!
Missing character: There is no ç‚¹ in font nullfont!
Missing character: There is no ç”¨ in font nullfont!
Missing character: There is no äº in font nullfont!
Missing character: There is no è¡¨ in font nullfont!
Missing character: There is no ç¤º in font nullfont!
Missing character: There is no ç‰© in font nullfont!
Missing character: There is no ä½“ in font nullfont!
Missing character: There is no ã€ in font nullfont!
Missing character: There is no æ¦‚ in font nullfont!
Missing character: There is no å¿µ in font nullfont!
Missing character: There is no å’Œ in font nullfont!
Missing character: There is no çŠ¶ in font nullfont!
Missing character: There is no æ€ in font nullfont!
Missing character: There is no ï¼Œ in font nullfont!
Missing character: There is no å¼§ in font nullfont!
Missing character: There is no çº¿ in font nullfont!
Missing character: There is no ç”¨ in font nullfont!
Missing character: There is no äº in font nullfont!
Missing character: There is no è¡¨ in font nullfont!
Missing character: There is no ç¤º in font nullfont!
Missing character: There is no èŠ‚ in font nullfont!
Missing character: There is no ç‚¹ in font nullfont!
Missing character: There is no é—´ in font nullfont!
Missing character: There is no çš„ in font nullfont!
Missing character: There is no å…³ in font nullfont!
Missing character: There is no ç³» in font nullfont!
Missing character: There is no ã€‚ in font nullfont!
Missing character: There is no è¯­ in font nullfont!
Missing character: There is no ä¹‰ in font nullfont!
Missing character: There is no ç½‘ in font nullfont!
Missing character: There is no ç»œ in font nullfont!
Missing character: There is no çš„ in font nullfont!
Missing character: There is no è§£ in font nullfont!
Missing character: There is no ç­” in font nullfont!
Missing character: There is no æ˜¯ in font nullfont!
Missing character: There is no ä¸€ in font nullfont!
Missing character: There is no ä¸ª in font nullfont!
Missing character: There is no ç» in font nullfont!
Missing character: There is no è¿‡ in font nullfont!
Missing character: There is no æ¨ in font nullfont!
Missing character: There is no ç† in font nullfont!
Missing character: There is no å’Œ in font nullfont!
Missing character: There is no åŒ¹ in font nullfont!
Missing character: There is no é… in font nullfont!
Missing character: There is no è€Œ in font nullfont!
Missing character: There is no å¾— in font nullfont!
Missing character: There is no åˆ° in font nullfont!
Missing character: There is no çš„ in font nullfont!
Missing character: There is no å…· in font nullfont!
Missing character: There is no æœ‰ in font nullfont!
Missing character: There is no æ˜ in font nullfont!
Missing character: There is no ç¡® in font nullfont!
Missing character: There is no ç»“ in font nullfont!
Missing character: There is no æœ in font nullfont!
Missing character: There is no çš„ in font nullfont!
Missing character: There is no æ–° in font nullfont!
Missing character: There is no çš„ in font nullfont!
Missing character: There is no è¯­ in font nullfont!
Missing character: There is no ä¹‰ in font nullfont!
Missing character: There is no ç½‘ in font nullfont!
Missing character: There is no ç»œ in font nullfont!
Missing character: There is no ã€‚ in font nullfont!
Missing character: There is no è¯­ in font nullfont!
Missing character: There is no ä¹‰ in font nullfont!
Missing character: There is no ç½‘ in font nullfont!
Missing character: There is no ç»œ in font nullfont!
Missing character: There is no å¯ in font nullfont!
Missing character: There is no ç”¨ in font nullfont!
Missing character: There is no äº in font nullfont!
Missing character: There is no è¡¨ in font nullfont!
Missing character: There is no ç¤º in font nullfont!
Missing character: There is no å¤š in font nullfont!
Missing character: There is no å…ƒ in font nullfont!
Missing character: There is no å…³ in font nullfont!
Missing character: There is no ç³» in font nullfont!
Missing character: There is no ï¼Œ in font nullfont!
Missing character: There is no æ‰© in font nullfont!
Missing character: There is no å±• in font nullfont!
Missing character: There is no å in font nullfont!
Missing character: There is no å¯ in font nullfont!
Missing character: There is no ä»¥ in font nullfont!
Missing character: There is no è¡¨ in font nullfont!
Missing character: There is no ç¤º in font nullfont!
Missing character: There is no æ›´ in font nullfont!
Missing character: There is no å¤ in font nullfont!
Missing character: There is no æ‚ in font nullfont!
Missing character: There is no çš„ in font nullfont!
Missing character: There is no é—® in font nullfont!
Missing character: There is no é¢˜ in font nullfont!
Missing character: There is no ã€‚ in font nullfont!

! LaTeX Error: \begin{document} ended by \end{solution}.

See the LaTeX manual or LaTeX Companion for explanation.
Type  H <return>  for immediate help.
 ...                                              
                                                  
l.11 \end{solution}
                   
Your command was ignored.
Type  I <command> <return>  to replace it with another command,
or  <return>  to continue without it.


Overfull \hbox (20.0pt too wide) in paragraph at lines 4--12
[]
 []


! LaTeX Error: Environment question undefined.

See the LaTeX manual or LaTeX Companion for explanation.
Type  H <return>  for immediate help.
 ...                                              
                                                  
l.13 \begin{question}
                     
Your command was ignored.
Type  I <command> <return>  to replace it with another command,
or  <return>  to continue without it.


! LaTeX Error: Missing \begin{document}.

See the LaTeX manual or LaTeX Companion for explanation.
Type  H <return>  for immediate help.
 ...                                              
                                                  
l.14 è®¾
        æœ‰3ä¸ªä¼ æ•™å£«å’Œ3ä¸ªé‡äººæ¥åˆ°æ²³è¾¹ï¼Œæ‰“ç®—æˆä¸€æ¡èˆ¹ä»å³...

You're in trouble here.  Try typing  <return>  to proceed.
If that doesn't work, type  X <return>  to quit.

Missing character: There is no è®¾ in font nullfont!
Missing character: There is no æœ‰ in font nullfont!
Missing character: There is no 3 in font nullfont!
Missing character: There is no ä¸ª in font nullfont!
Missing character: There is no ä¼  in font nullfont!
Missing character: There is no æ•™ in font nullfont!
Missing character: There is no å£« in font nullfont!
Missing character: There is no å’Œ in font nullfont!
Missing character: There is no 3 in font nullfont!
Missing character: There is no ä¸ª in font nullfont!
Missing character: There is no é‡ in font nullfont!
Missing character: There is no äºº in font nullfont!
Missing character: There is no æ¥ in font nullfont!
Missing character: There is no åˆ° in font nullfont!
Missing character: There is no æ²³ in font nullfont!
Missing character: There is no è¾¹ in font nullfont!
Missing character: There is no ï¼Œ in font nullfont!
Missing character: There is no æ‰“ in font nullfont!
Missing character: There is no ç®— in font nullfont!
Missing character: There is no æˆ in font nullfont!
Missing character: There is no ä¸€ in font nullfont!
Missing character: There is no æ¡ in font nullfont!
Missing character: There is no èˆ¹ in font nullfont!
Missing character: There is no ä» in font nullfont!
Missing character: There is no å³ in font nullfont!
Missing character: There is no å²¸ in font nullfont!
Missing character: There is no æ¸¡ in font nullfont!
Missing character: There is no åˆ° in font nullfont!
Missing character: There is no å·¦ in font nullfont!
Missing character: There is no å²¸ in font nullfont!
Missing character: There is no å» in font nullfont!
Missing character: There is no ã€‚ in font nullfont!
Missing character: There is no è¯¥ in font nullfont!
Missing character: There is no èˆ¹ in font nullfont!
Missing character: There is no çš„ in font nullfont!
Missing character: There is no è´Ÿ in font nullfont!
Missing character: There is no è½½ in font nullfont!
Missing character: There is no èƒ½ in font nullfont!
Missing character: There is no åŠ› in font nullfont!
Missing character: There is no ä¸º in font nullfont!
Missing character: There is no ä¸¤ in font nullfont!
Missing character: There is no äºº in font nullfont!
Missing character: There is no ã€‚ in font nullfont!
Missing character: There is no åœ¨ in font nullfont!
Missing character: There is no ä»» in font nullfont!
Missing character: There is no ä½• in font nullfont!
Missing character: There is no æ—¶ in font nullfont!
Missing character: There is no å€™ in font nullfont!
Missing character: There is no ï¼Œ in font nullfont!
Missing character: There is no å¦‚ in font nullfont!
Missing character: There is no æœ in font nullfont!
Missing character: There is no é‡ in font nullfont!
Missing character: There is no äºº in font nullfont!
Missing character: There is no äºº in font nullfont!
Missing character: There is no æ•° in font nullfont!
Missing character: There is no è¶… in font nullfont!
Missing character: There is no è¿‡ in font nullfont!
Missing character: There is no ä¼  in font nullfont!
Missing character: There is no æ•™ in font nullfont!
Missing character: There is no å£« in font nullfont!
Missing character: There is no äºº in font nullfont!
Missing character: There is no æ•° in font nullfont!
Missing character: There is no ï¼Œ in font nullfont!
Missing character: There is no é‚£ in font nullfont!
Missing character: There is no ä¹ˆ in font nullfont!
Missing character: There is no é‡ in font nullfont!
Missing character: There is no äºº in font nullfont!
Missing character: There is no å°± in font nullfont!
Missing character: There is no ä¼š in font nullfont!
Missing character: There is no æŠŠ in font nullfont!
Missing character: There is no ä¼  in font nullfont!
Missing character: There is no æ•™ in font nullfont!
Missing character: There is no å£« in font nullfont!
Missing character: There is no åƒ in font nullfont!
Missing character: There is no æ‰ in font nullfont!
Missing character: There is no ã€‚ in font nullfont!
Missing character: There is no æ€ in font nullfont!
Missing character: There is no æ · in font nullfont!
Missing character: There is no æ‰ in font nullfont!
Missing character: There is no èƒ½ in font nullfont!
Missing character: There is no ç”¨ in font nullfont!
Missing character: There is no è¿™ in font nullfont!
Missing character: There is no æ¡ in font nullfont!
Missing character: There is no èˆ¹ in font nullfont!
Missing character: There is no å®‰ in font nullfont!
Missing character: There is no å…¨ in font nullfont!
Missing character: There is no åœ° in font nullfont!
Missing character: There is no æŠŠ in font nullfont!
Missing character: There is no æ‰€ in font nullfont!
Missing character: There is no æœ‰ in font nullfont!
Missing character: There is no äºº in font nullfont!
Missing character: There is no éƒ½ in font nullfont!
Missing character: There is no æ¸¡ in font nullfont!
Missing character: There is no è¿‡ in font nullfont!
Missing character: There is no æ²³ in font nullfont!
Missing character: There is no å» in font nullfont!
Missing character: There is no ï¼Ÿ in font nullfont!

! LaTeX Error: \begin{document} ended by \end{question}.

See the LaTeX manual or LaTeX Companion for explanation.
Type  H <return>  for immediate help.
 ...                                              
                                                  
l.15 \end{question}
                   
Your command was ignored.
Type  I <command> <return>  to replace it with another command,
or  <return>  to continue without it.


! LaTeX Error: Environment solution undefined.

See the LaTeX manual or LaTeX Companion for explanation.
Type  H <return>  for immediate help.
 ...                                              
                                                  
l.16 \begin{solution}
                     
Your command was ignored.
Type  I <command> <return>  to replace it with another command,
or  <return>  to continue without it.


! LaTeX Error: \begin{document} ended by \end{solution}.

See the LaTeX manual or LaTeX Companion for explanation.
Type  H <return>  for immediate help.
 ...                                              
                                                  
l.17 \end{solution}
                   
Your command was ignored.
Type  I <command> <return>  to replace it with another command,
or  <return>  to continue without it.


Overfull \hbox (20.0pt too wide) in paragraph at lines 14--18
[]
 []


! LaTeX Error: Environment question undefined.

See the LaTeX manual or LaTeX Companion for explanation.
Type  H <return>  for immediate help.
 ...                                              
                                                  
l.19 \begin{question}
                     
Your command was ignored.
Type  I <command> <return>  to replace it with another command,
or  <return>  to continue without it.


! LaTeX Error: Missing \begin{document}.

See the LaTeX manual or LaTeX Companion for explanation.
Type  H <return>  for immediate help.
 ...                                              
                                                  
l.20 åˆ©
        ç”¨Ã—Ã—ï¼Œç”¨çŠ¶æ€ç©ºé—´æ³•è§„åˆ’ä¸€ä¸ªæœ€çŸ­çš„æ—…è¡Œè·¯ç¨‹ï¼šæ­¤æ...

You're in trouble here.  Try typing  <return>  to proceed.
If that doesn't work, type  X <return>  to quit.

Missing character: There is no åˆ© in font nullfont!
Missing character: There is no ç”¨ in font nullfont!
Missing character: There is no Ã— in font nullfont!
Missing character: There is no Ã— in font nullfont!
Missing character: There is no ï¼Œ in font nullfont!
Missing character: There is no ç”¨ in font nullfont!
Missing character: There is no çŠ¶ in font nullfont!
Missing character: There is no æ€ in font nullfont!
Missing character: There is no ç©º in font nullfont!
Missing character: There is no é—´ in font nullfont!
Missing character: There is no æ³• in font nullfont!
Missing character: There is no è§„ in font nullfont!
Missing character: There is no åˆ’ in font nullfont!
Missing character: There is no ä¸€ in font nullfont!
Missing character: There is no ä¸ª in font nullfont!
Missing character: There is no æœ€ in font nullfont!
Missing character: There is no çŸ­ in font nullfont!
Missing character: There is no çš„ in font nullfont!
Missing character: There is no æ—… in font nullfont!
Missing character: There is no è¡Œ in font nullfont!
Missing character: There is no è·¯ in font nullfont!
Missing character: There is no ç¨‹ in font nullfont!
Missing character: There is no ï¼š in font nullfont!
Missing character: There is no æ­¤ in font nullfont!
Missing character: There is no æ—… in font nullfont!
Missing character: There is no ç¨‹ in font nullfont!
Missing character: There is no ä» in font nullfont!
Missing character: There is no åŸ in font nullfont!
Missing character: There is no å¸‚ in font nullfont!
Missing character: There is no A in font nullfont!
Missing character: There is no å¼€ in font nullfont!
Missing character: There is no å§‹ in font nullfont!
Missing character: There is no ï¼Œ in font nullfont!
Missing character: There is no è®¿ in font nullfont!
Missing character: There is no é—® in font nullfont!
Missing character: There is no å…¶ in font nullfont!
Missing character: There is no ä»– in font nullfont!
Missing character: There is no åŸ in font nullfont!
Missing character: There is no å¸‚ in font nullfont!
Missing character: There is no ä¸ in font nullfont!
Missing character: There is no å¤š in font nullfont!
Missing character: There is no äº in font nullfont!
Missing character: There is no ä¸€ in font nullfont!
Missing character: There is no æ¬¡ in font nullfont!
Missing character: There is no ï¼Œ in font nullfont!
Missing character: There is no å¹¶ in font nullfont!
Missing character: There is no è¿” in font nullfont!
Missing character: There is no å› in font nullfont!
Missing character: There is no A in font nullfont!
Missing character: There is no ã€‚ in font nullfont!
Missing character: There is no é€‰ in font nullfont!
Missing character: There is no æ‹© in font nullfont!
Missing character: There is no ä¸€ in font nullfont!
Missing character: There is no ä¸ª in font nullfont!
Missing character: There is no çŠ¶ in font nullfont!
Missing character: There is no æ€ in font nullfont!
Missing character: There is no è¡¨ in font nullfont!
Missing character: There is no ç¤º in font nullfont!
Missing character: There is no ï¼Œ in font nullfont!
Missing character: There is no è¡¨ in font nullfont!
Missing character: There is no ç¤º in font nullfont!
Missing character: There is no å‡º in font nullfont!
Missing character: There is no æ‰€ in font nullfont!
Missing character: There is no æ±‚ in font nullfont!
Missing character: There is no å¾— in font nullfont!
Missing character: There is no çš„ in font nullfont!
Missing character: There is no çŠ¶ in font nullfont!
Missing character: There is no æ€ in font nullfont!
Missing character: There is no ç©º in font nullfont!
Missing character: There is no é—´ in font nullfont!
Missing character: There is no çš„ in font nullfont!
Missing character: There is no èŠ‚ in font nullfont!
Missing character: There is no ç‚¹ in font nullfont!
Missing character: There is no åŠ in font nullfont!
Missing character: There is no å¼§ in font nullfont!
Missing character: There is no çº¿ in font nullfont!
Missing character: There is no ï¼Œ in font nullfont!
Missing character: There is no æ ‡ in font nullfont!
Missing character: There is no å‡º in font nullfont!
Missing character: There is no é€‚ in font nullfont!
Missing character: There is no å½“ in font nullfont!
Missing character: There is no çš„ in font nullfont!
Missing character: There is no ä»£ in font nullfont!
Missing character: There is no ä»· in font nullfont!
Missing character: There is no ï¼Œ in font nullfont!
Missing character: There is no å¹¶ in font nullfont!
Missing character: There is no æŒ‡ in font nullfont!
Missing character: There is no æ˜ in font nullfont!
Missing character: There is no å›¾ in font nullfont!
Missing character: There is no ä¸­ in font nullfont!
Missing character: There is no ä» in font nullfont!
Missing character: There is no èµ· in font nullfont!
Missing character: There is no å§‹ in font nullfont!
Missing character: There is no èŠ‚ in font nullfont!
Missing character: There is no ç‚¹ in font nullfont!
Missing character: There is no åˆ° in font nullfont!
Missing character: There is no ç›® in font nullfont!
Missing character: There is no æ ‡ in font nullfont!
Missing character: There is no èŠ‚ in font nullfont!
Missing character: There is no ç‚¹ in font nullfont!
Missing character: There is no çš„ in font nullfont!
Missing character: There is no æœ€ in font nullfont!
Missing character: There is no ä½³ in font nullfont!
Missing character: There is no è·¯ in font nullfont!
Missing character: There is no å¾„ in font nullfont!
Missing character: There is no ã€‚ in font nullfont!

! LaTeX Error: \begin{document} ended by \end{question}.

See the LaTeX manual or LaTeX Companion for explanation.
Type  H <return>  for immediate help.
 ...                                              
                                                  
l.21 \end{question}
                   
Your command was ignored.
Type  I <command> <return>  to replace it with another command,
or  <return>  to continue without it.


! LaTeX Error: Environment solution undefined.

See the LaTeX manual or LaTeX Companion for explanation.
Type  H <return>  for immediate help.
 ...                                              
                                                  
l.22 \begin{solution}
                     
Your command was ignored.
Type  I <command> <return>  to replace it with another command,
or  <return>  to continue without it.


! LaTeX Error: \begin{document} ended by \end{solution}.

See the LaTeX manual or LaTeX Companion for explanation.
Type  H <return>  for immediate help.
 ...                                              
                                                  
l.23 \end{solution}
                   
Your command was ignored.
Type  I <command> <return>  to replace it with another command,
or  <return>  to continue without it.


Overfull \hbox (20.0pt too wide) in paragraph at lines 20--24
[]
 []


! LaTeX Error: Environment question undefined.

See the LaTeX manual or LaTeX Companion for explanation.
Type  H <return>  for immediate help.
 ...                                              
                                                  
l.25 \begin{question}
                     
Your command was ignored.
Type  I <command> <return>  to replace it with another command,
or  <return>  to continue without it.


! LaTeX Error: Missing \begin{document}.

See the LaTeX manual or LaTeX Companion for explanation.
Type  H <return>  for immediate help.
 ...                                              
                                                  
l.26 è¯•
        è¯´æ˜æ€æ ·æŠŠä¸€æ£µä¸æˆ–è§£æ ‘ç”¨æ¥è¡¨è¾¾Ã—Ã—æ‰€ç¤ºçš„ç”µç½‘ç»œé...

You're in trouble here.  Try typing  <return>  to proceed.
If that doesn't work, type  X <return>  to quit.

Missing character: There is no è¯• in font nullfont!
Missing character: There is no è¯´ in font nullfont!
Missing character: There is no æ˜ in font nullfont!
Missing character: There is no æ€ in font nullfont!
Missing character: There is no æ · in font nullfont!
Missing character: There is no æŠŠ in font nullfont!
Missing character: There is no ä¸€ in font nullfont!
Missing character: There is no æ£µ in font nullfont!
Missing character: There is no ä¸ in font nullfont!
Missing character: There is no æˆ– in font nullfont!
Missing character: There is no è§£ in font nullfont!
Missing character: There is no æ ‘ in font nullfont!
Missing character: There is no ç”¨ in font nullfont!
Missing character: There is no æ¥ in font nullfont!
Missing character: There is no è¡¨ in font nullfont!
Missing character: There is no è¾¾ in font nullfont!
Missing character: There is no Ã— in font nullfont!
Missing character: There is no Ã— in font nullfont!
Missing character: There is no æ‰€ in font nullfont!
Missing character: There is no ç¤º in font nullfont!
Missing character: There is no çš„ in font nullfont!
Missing character: There is no ç”µ in font nullfont!
Missing character: There is no ç½‘ in font nullfont!
Missing character: There is no ç»œ in font nullfont!
Missing character: There is no é˜» in font nullfont!
Missing character: There is no æŠ— in font nullfont!
Missing character: There is no çš„ in font nullfont!
Missing character: There is no è®¡ in font nullfont!
Missing character: There is no ç®— in font nullfont!
Missing character: There is no ã€‚ in font nullfont!
Missing character: There is no å• in font nullfont!
Missing character: There is no ç‹¬ in font nullfont!
Missing character: There is no çš„ in font nullfont!
LaTeX Font Info:    External font `cmex10' loaded for size
(Font)              <7> on input line 26.
LaTeX Font Info:    External font `cmex10' loaded for size
(Font)              <5> on input line 26.
Missing character: There is no ã€ in font nullfont!
Missing character: There is no æˆ– in font nullfont!
Missing character: There is no å¯ in font nullfont!
Missing character: There is no åˆ† in font nullfont!
Missing character: There is no åˆ« in font nullfont!
Missing character: There is no ç”¨ in font nullfont!
Missing character: There is no ã€ in font nullfont!
Missing character: There is no Ï‰ in font cmmi10!
Missing character: There is no æˆ– in font nullfont!
Missing character: There is no Ï‰ in font cmmi10!
Missing character: There is no æ¥ in font nullfont!
Missing character: There is no è®¡ in font nullfont!
Missing character: There is no ç®— in font nullfont!
Missing character: There is no ï¼Œ in font nullfont!
Missing character: There is no è¿™ in font nullfont!
Missing character: There is no ä¸ª in font nullfont!
Missing character: There is no äº‹ in font nullfont!
Missing character: There is no å® in font nullfont!
Missing character: There is no ç”¨ in font nullfont!
Missing character: There is no ä½œ in font nullfont!
Missing character: There is no æœ¬ in font nullfont!
Missing character: There is no åŸ in font nullfont!
Missing character: There is no é—® in font nullfont!
Missing character: There is no é¢˜ in font nullfont!
Missing character: There is no ã€‚ in font nullfont!
Missing character: There is no å in font nullfont!
Missing character: There is no ç»§ in font nullfont!
Missing character: There is no ç®— in font nullfont!
Missing character: There is no ç¬¦ in font nullfont!
Missing character: There is no åº” in font nullfont!
Missing character: There is no ä»¥ in font nullfont!
Missing character: There is no å¤ in font nullfont!
Missing character: There is no åˆ in font nullfont!
Missing character: There is no å¹¶ in font nullfont!
Missing character: There is no è” in font nullfont!
Missing character: There is no å’Œ in font nullfont!
Missing character: There is no ä¸² in font nullfont!
Missing character: There is no è” in font nullfont!
Missing character: There is no é˜» in font nullfont!
Missing character: There is no æŠ— in font nullfont!
Missing character: There is no çš„ in font nullfont!
Missing character: There is no è§„ in font nullfont!
Missing character: There is no åˆ™ in font nullfont!
Missing character: There is no ä¸º in font nullfont!
Missing character: There is no åŸº in font nullfont!
Missing character: There is no ç¡€ in font nullfont!
Missing character: There is no ã€‚ in font nullfont!

! LaTeX Error: \begin{document} ended by \end{question}.

See the LaTeX manual or LaTeX Companion for explanation.
Type  H <return>  for immediate help.
 ...                                              
                                                  
l.27 \end{question}
                   
Your command was ignored.
Type  I <command> <return>  to replace it with another command,
or  <return>  to continue without it.


! LaTeX Error: Environment solution undefined.

See the LaTeX manual or LaTeX Companion for explanation.
Type  H <return>  for immediate help.
 ...                                              
                                                  
l.28 \begin{solution}
                     
Your command was ignored.
Type  I <command> <return>  to replace it with another command,
or  <return>  to continue without it.


! LaTeX Error: \begin{document} ended by \end{solution}.

See the LaTeX manual or LaTeX Companion for explanation.
Type  H <return>  for immediate help.
 ...                                              
                                                  
l.29 \end{solution}
                   
Your command was ignored.
Type  I <command> <return>  to replace it with another command,
or  <return>  to continue without it.


Overfull \hbox (84.05743pt too wide) in paragraph at lines 26--30
[]$\OML/cmm/m/it/10 R$$L$$C$$R$$jL$$\OT1/cmr/m/n/10 1\OML/cmm/m/it/10 =jC$
 []


! LaTeX Error: Environment question undefined.

See the LaTeX manual or LaTeX Companion for explanation.
Type  H <return>  for immediate help.
 ...                                              
                                                  
l.31 \begin{question}
                     
Your command was ignored.
Type  I <command> <return>  to replace it with another command,
or  <return>  to continue without it.


! LaTeX Error: Missing \begin{document}.

See the LaTeX manual or LaTeX Companion for explanation.
Type  H <return>  for immediate help.
 ...                                              
                                                  
l.32 è¯•
        ç”¨å››å…ƒæ•°åˆ—ç»“æ„è¡¨ç¤ºå››åœ†ç›˜æ¢µå¡”é—®é¢˜ï¼Œå¹¶ç”»å‡ºæ±‚è§£è¯...

You're in trouble here.  Try typing  <return>  to proceed.
If that doesn't work, type  X <return>  to quit.

Missing character: There is no è¯• in font nullfont!
Missing character: There is no ç”¨ in font nullfont!
Missing character: There is no å›› in font nullfont!
Missing character: There is no å…ƒ in font nullfont!
Missing character: There is no æ•° in font nullfont!
Missing character: There is no åˆ— in font nullfont!
Missing character: There is no ç»“ in font nullfont!
Missing character: There is no æ„ in font nullfont!
Missing character: There is no è¡¨ in font nullfont!
Missing character: There is no ç¤º in font nullfont!
Missing character: There is no å›› in font nullfont!
Missing character: There is no åœ† in font nullfont!
Missing character: There is no ç›˜ in font nullfont!
Missing character: There is no æ¢µ in font nullfont!
Missing character: There is no å¡” in font nullfont!
Missing character: There is no é—® in font nullfont!
Missing character: There is no é¢˜ in font nullfont!
Missing character: There is no ï¼Œ in font nullfont!
Missing character: There is no å¹¶ in font nullfont!
Missing character: There is no ç”» in font nullfont!
Missing character: There is no å‡º in font nullfont!
Missing character: There is no æ±‚ in font nullfont!
Missing character: There is no è§£ in font nullfont!
Missing character: There is no è¯¥ in font nullfont!
Missing character: There is no é—® in font nullfont!
Missing character: There is no é¢˜ in font nullfont!
Missing character: There is no çš„ in font nullfont!
Missing character: There is no ä¸ in font nullfont!
Missing character: There is no æˆ– in font nullfont!
Missing character: There is no å›¾ in font nullfont!
Missing character: There is no ã€‚ in font nullfont!

! LaTeX Error: \begin{document} ended by \end{question}.

See the LaTeX manual or LaTeX Companion for explanation.
Type  H <return>  for immediate help.
 ...                                              
                                                  
l.33 \end{question}
                   
Your command was ignored.
Type  I <command> <return>  to replace it with another command,
or  <return>  to continue without it.


! LaTeX Error: Environment solution undefined.

See the LaTeX manual or LaTeX Companion for explanation.
Type  H <return>  for immediate help.
 ...                                              
                                                  
l.34 \begin{solution}
                     
Your command was ignored.
Type  I <command> <return>  to replace it with another command,
or  <return>  to continue without it.


! LaTeX Error: \begin{document} ended by \end{solution}.

See the LaTeX manual or LaTeX Companion for explanation.
Type  H <return>  for immediate help.
 ...                                              
                                                  
l.35 \end{solution}
                   
Your command was ignored.
Type  I <command> <return>  to replace it with another command,
or  <return>  to continue without it.


Overfull \hbox (20.0pt too wide) in paragraph at lines 32--36
[]
 []


! LaTeX Error: Environment question undefined.

See the LaTeX manual or LaTeX Companion for explanation.
Type  H <return>  for immediate help.
 ...                                              
                                                  
l.37 \begin{question}
                     
Your command was ignored.
Type  I <command> <return>  to replace it with another command,
or  <return>  to continue without it.


! LaTeX Error: Missing \begin{document}.

See the LaTeX manual or LaTeX Companion for explanation.
Type  H <return>  for immediate help.
 ...                                              
                                                  
l.38 æŠŠ
        ä¸‹åˆ—å¥å­å˜æ¢æˆå­å¥å½¢å¼ï¼š
You're in trouble here.  Try typing  <return>  to proceed.
If that doesn't work, type  X <return>  to quit.

Missing character: There is no æŠŠ in font nullfont!
Missing character: There is no ä¸‹ in font nullfont!
Missing character: There is no åˆ— in font nullfont!
Missing character: There is no å¥ in font nullfont!
Missing character: There is no å­ in font nullfont!
Missing character: There is no å˜ in font nullfont!
Missing character: There is no æ¢ in font nullfont!
Missing character: There is no æˆ in font nullfont!
Missing character: There is no å­ in font nullfont!
Missing character: There is no å¥ in font nullfont!
Missing character: There is no å½¢ in font nullfont!
Missing character: There is no å¼ in font nullfont!
Missing character: There is no ï¼š in font nullfont!

Overfull \hbox (20.0pt too wide) in paragraph at lines 38--39
[] 
 []


Overfull \hbox (92.2082pt too wide) in paragraph at lines 40--41
[] []$ 
 []


Overfull \hbox (137.65273pt too wide) in paragraph at lines 41--42
\OMS/cmsy/m/n/10 8\OML/cmm/m/it/10 x\OMS/cmsy/m/n/10 8\OML/cmm/m/it/10 y []$ 
 []


Overfull \hbox (225.14581pt too wide) in paragraph at lines 42--43
\OMS/cmsy/m/n/10 8\OML/cmm/m/it/10 x\OMS/cmsy/m/n/10 8\OML/cmm/m/it/10 y\OMS/cm
sy/m/n/10 8\OML/cmm/m/it/10 z []$ 
 []


Overfull \hbox (7.7778pt too wide) in paragraph at lines 43--44
\OMS/cmsy/m/n/10 ^^X
 []


Overfull \hbox (253.24231pt too wide) in paragraph at lines 43--44
[]$ 
 []


! LaTeX Error: \begin{document} ended by \end{question}.

See the LaTeX manual or LaTeX Companion for explanation.
Type  H <return>  for immediate help.
 ...                                              
                                                  
l.45 \end{question}
                   
Your command was ignored.
Type  I <command> <return>  to replace it with another command,
or  <return>  to continue without it.


! LaTeX Error: Environment solution undefined.

See the LaTeX manual or LaTeX Companion for explanation.
Type  H <return>  for immediate help.
 ...                                              
                                                  
l.46 \begin{solution}
                     
Your command was ignored.
Type  I <command> <return>  to replace it with another command,
or  <return>  to continue without it.


! LaTeX Error: \begin{document} ended by \end{solution}.

See the LaTeX manual or LaTeX Companion for explanation.
Type  H <return>  for immediate help.
 ...                                              
                                                  
l.47 \end{solution}
                   
Your command was ignored.
Type  I <command> <return>  to replace it with another command,
or  <return>  to continue without it.


! LaTeX Error: Environment question undefined.

See the LaTeX manual or LaTeX Companion for explanation.
Type  H <return>  for immediate help.
 ...                                              
                                                  
l.49 \begin{question}
                     
Your command was ignored.
Type  I <command> <return>  to replace it with another command,
or  <return>  to continue without it.

Missing character: There is no ç”¨ in font nullfont!
Missing character: There is no è°“ in font nullfont!
Missing character: There is no è¯ in font nullfont!
Missing character: There is no æ¼” in font nullfont!
Missing character: There is no ç®— in font nullfont!
Missing character: There is no å…¬ in font nullfont!
Missing character: There is no å¼ in font nullfont!
Missing character: There is no è¡¨ in font nullfont!
Missing character: There is no ç¤º in font nullfont!
Missing character: There is no ä¸‹ in font nullfont!
Missing character: There is no åˆ— in font nullfont!
Missing character: There is no è‹± in font nullfont!
Missing character: There is no æ–‡ in font nullfont!
Missing character: There is no å¥ in font nullfont!
Missing character: There is no å­ in font nullfont!
Missing character: There is no ï¼ˆ in font nullfont!
Missing character: There is no å¤š in font nullfont!
Missing character: There is no ç”¨ in font nullfont!
Missing character: There is no è€Œ in font nullfont!
Missing character: There is no ä¸ in font nullfont!
Missing character: There is no æ˜¯ in font nullfont!
Missing character: There is no çœ in font nullfont!
Missing character: There is no ç”¨ in font nullfont!
Missing character: There is no ä¸ in font nullfont!
Missing character: There is no åŒ in font nullfont!
Missing character: There is no è°“ in font nullfont!
Missing character: There is no è¯ in font nullfont!
Missing character: There is no å’Œ in font nullfont!
Missing character: There is no é¡¹ in font nullfont!
Missing character: There is no ã€‚ in font nullfont!
Missing character: There is no ä¾‹ in font nullfont!
Missing character: There is no å¦‚ in font nullfont!
Missing character: There is no ä¸ in font nullfont!
Missing character: There is no è¦ in font nullfont!
Missing character: There is no ç”¨ in font nullfont!
Missing character: There is no å• in font nullfont!
Missing character: There is no ä¸€ in font nullfont!
Missing character: There is no çš„ in font nullfont!
Missing character: There is no è°“ in font nullfont!
Missing character: There is no è¯ in font nullfont!
Missing character: There is no å­— in font nullfont!
Missing character: There is no æ¯ in font nullfont!
Missing character: There is no æ¥ in font nullfont!
Missing character: There is no è¡¨ in font nullfont!
Missing character: There is no ç¤º in font nullfont!
Missing character: There is no æ¯ in font nullfont!
Missing character: There is no ä¸ª in font nullfont!
Missing character: There is no å¥ in font nullfont!
Missing character: There is no å­ in font nullfont!
Missing character: There is no ï¼‰ in font nullfont!
Missing character: There is no ã€‚ in font nullfont!

! LaTeX Error: Environment quote undefined.

See the LaTeX manual or LaTeX Companion for explanation.
Type  H <return>  for immediate help.
 ...                                              
                                                  
l.51 ^^I\begin{quote}
                     
Your command was ignored.
Type  I <command> <return>  to replace it with another command,
or  <return>  to continue without it.

Missing character: There is no A in font nullfont!
Missing character: There is no c in font nullfont!
Missing character: There is no o in font nullfont!
Missing character: There is no m in font nullfont!
Missing character: There is no p in font nullfont!
Missing character: There is no u in font nullfont!
Missing character: There is no t in font nullfont!
Missing character: There is no e in font nullfont!
Missing character: There is no r in font nullfont!
Missing character: There is no s in font nullfont!
Missing character: There is no y in font nullfont!
Missing character: There is no s in font nullfont!
Missing character: There is no t in font nullfont!
Missing character: There is no e in font nullfont!
Missing character: There is no m in font nullfont!
Missing character: There is no i in font nullfont!
Missing character: There is no s in font nullfont!
Missing character: There is no i in font nullfont!
Missing character: There is no n in font nullfont!
Missing character: There is no t in font nullfont!
Missing character: There is no e in font nullfont!
Missing character: There is no l in font nullfont!
Missing character: There is no l in font nullfont!
Missing character: There is no i in font nullfont!
Missing character: There is no g in font nullfont!
Missing character: There is no e in font nullfont!
Missing character: There is no n in font nullfont!
Missing character: There is no t in font nullfont!
Missing character: There is no i in font nullfont!
Missing character: There is no f in font nullfont!
Missing character: There is no i in font nullfont!
Missing character: There is no t in font nullfont!
Missing character: There is no c in font nullfont!
Missing character: There is no a in font nullfont!
Missing character: There is no n in font nullfont!
Missing character: There is no p in font nullfont!
Missing character: There is no e in font nullfont!
Missing character: There is no r in font nullfont!
Missing character: There is no f in font nullfont!
Missing character: There is no o in font nullfont!
Missing character: There is no r in font nullfont!
Missing character: There is no m in font nullfont!
Missing character: There is no a in font nullfont!
Missing character: There is no t in font nullfont!
Missing character: There is no a in font nullfont!
Missing character: There is no s in font nullfont!
Missing character: There is no k in font nullfont!
Missing character: There is no w in font nullfont!
Missing character: There is no h in font nullfont!
Missing character: There is no i in font nullfont!
Missing character: There is no c in font nullfont!
Missing character: There is no h in font nullfont!
Missing character: There is no , in font nullfont!
Missing character: There is no i in font nullfont!
Missing character: There is no f in font nullfont!
Missing character: There is no p in font nullfont!
Missing character: There is no e in font nullfont!
Missing character: There is no r in font nullfont!
Missing character: There is no f in font nullfont!
Missing character: There is no o in font nullfont!
Missing character: There is no r in font nullfont!
Missing character: There is no m in font nullfont!
Missing character: There is no e in font nullfont!
Missing character: There is no d in font nullfont!
Missing character: There is no b in font nullfont!
Missing character: There is no y in font nullfont!
Missing character: There is no a in font nullfont!
Missing character: There is no h in font nullfont!
Missing character: There is no u in font nullfont!
Missing character: There is no m in font nullfont!
Missing character: There is no a in font nullfont!
Missing character: There is no n in font nullfont!
Missing character: There is no , in font nullfont!
Missing character: There is no r in font nullfont!
Missing character: There is no e in font nullfont!
Missing character: There is no q in font nullfont!
Missing character: There is no u in font nullfont!
Missing character: There is no i in font nullfont!
Missing character: There is no r in font nullfont!
Missing character: There is no e in font nullfont!
Missing character: There is no s in font nullfont!
Missing character: There is no i in font nullfont!
Missing character: There is no n in font nullfont!
Missing character: There is no t in font nullfont!
Missing character: There is no e in font nullfont!
Missing character: There is no l in font nullfont!
Missing character: There is no l in font nullfont!
Missing character: There is no i in font nullfont!
Missing character: There is no g in font nullfont!
Missing character: There is no e in font nullfont!
Missing character: There is no n in font nullfont!
Missing character: There is no c in font nullfont!
Missing character: There is no e in font nullfont!
Missing character: There is no . in font nullfont!

! LaTeX Error: \begin{document} ended by \end{quote}.

See the LaTeX manual or LaTeX Companion for explanation.
Type  H <return>  for immediate help.
 ...                                              
                                                  
l.53 ^^I\end{quote}
                   
Your command was ignored.
Type  I <command> <return>  to replace it with another command,
or  <return>  to continue without it.


! LaTeX Error: \begin{document} ended by \end{question}.

See the LaTeX manual or LaTeX Companion for explanation.
Type  H <return>  for immediate help.
 ...                                              
                                                  
l.54 \end{question}
                   
Your command was ignored.
Type  I <command> <return>  to replace it with another command,
or  <return>  to continue without it.


! LaTeX Error: Environment solution undefined.

See the LaTeX manual or LaTeX Companion for explanation.
Type  H <return>  for immediate help.
 ...                                              
                                                  
l.55 \begin{solution}
                     
Your command was ignored.
Type  I <command> <return>  to replace it with another command,
or  <return>  to continue without it.


! LaTeX Error: \begin{document} ended by \end{solution}.

See the LaTeX manual or LaTeX Companion for explanation.
Type  H <return>  for immediate help.
 ...                                              
                                                  
l.56 \end{solution}
                   
Your command was ignored.
Type  I <command> <return>  to replace it with another command,
or  <return>  to continue without it.


Overfull \hbox (20.0pt too wide) in paragraph at lines 50--57
[]
 []


! LaTeX Error: Environment question undefined.

See the LaTeX manual or LaTeX Companion for explanation.
Type  H <return>  for immediate help.
 ...                                              
                                                  
l.58 \begin{question}
                     
Your command was ignored.
Type  I <command> <return>  to replace it with another command,
or  <return>  to continue without it.

Missing character: There is no æŠŠ in font nullfont!
Missing character: There is no ä¸‹ in font nullfont!
Missing character: There is no åˆ— in font nullfont!
Missing character: There is no è¯­ in font nullfont!
Missing character: There is no å¥ in font nullfont!
Missing character: There is no è¡¨ in font nullfont!
Missing character: There is no ç¤º in font nullfont!
Missing character: There is no ç§° in font nullfont!
Missing character: There is no è¯­ in font nullfont!
Missing character: There is no ä¹‰ in font nullfont!
Missing character: There is no ç½‘ in font nullfont!
Missing character: There is no ç»œ in font nullfont!
Missing character: There is no æ in font nullfont!
Missing character: There is no è¿° in font nullfont!
Missing character: There is no ï¼š in font nullfont!

Overfull \hbox (20.0pt too wide) in paragraph at lines 59--60
[] 
 []

Missing character: There is no A in font nullfont!
Missing character: There is no l in font nullfont!
Missing character: There is no l in font nullfont!
Missing character: There is no m in font nullfont!
Missing character: There is no e in font nullfont!
Missing character: There is no n in font nullfont!
Missing character: There is no a in font nullfont!
Missing character: There is no r in font nullfont!
Missing character: There is no e in font nullfont!
Missing character: There is no m in font nullfont!
Missing character: There is no o in font nullfont!
Missing character: There is no r in font nullfont!
Missing character: There is no a in font nullfont!
Missing character: There is no l in font nullfont!
Missing character: There is no . in font nullfont!
Missing character: There is no E in font nullfont!
Missing character: There is no v in font nullfont!
Missing character: There is no e in font nullfont!
Missing character: There is no r in font nullfont!
Missing character: There is no y in font nullfont!
Missing character: There is no c in font nullfont!
Missing character: There is no l in font nullfont!
Missing character: There is no o in font nullfont!
Missing character: There is no u in font nullfont!
Missing character: There is no d in font nullfont!
Missing character: There is no h in font nullfont!
Missing character: There is no a in font nullfont!
Missing character: There is no s in font nullfont!
Missing character: There is no a in font nullfont!
Missing character: There is no s in font nullfont!
Missing character: There is no i in font nullfont!
Missing character: There is no l in font nullfont!
Missing character: There is no v in font nullfont!
Missing character: There is no e in font nullfont!
Missing character: There is no r in font nullfont!
Missing character: There is no l in font nullfont!
Missing character: There is no i in font nullfont!
Missing character: There is no n in font nullfont!
Missing character: There is no i in font nullfont!
Missing character: There is no n in font nullfont!
Missing character: There is no g in font nullfont!
Missing character: There is no . in font nullfont!
Missing character: There is no A in font nullfont!
Missing character: There is no l in font nullfont!
Missing character: There is no l in font nullfont!
Missing character: There is no b in font nullfont!
Missing character: There is no r in font nullfont!
Missing character: There is no a in font nullfont!
Missing character: There is no n in font nullfont!
Missing character: There is no c in font nullfont!
Missing character: There is no h in font nullfont!
Missing character: There is no m in font nullfont!
Missing character: There is no a in font nullfont!
Missing character: There is no n in font nullfont!
Missing character: There is no a in font nullfont!
Missing character: There is no g in font nullfont!
Missing character: There is no e in font nullfont!
Missing character: There is no r in font nullfont!
Missing character: There is no o in font nullfont!
Missing character: There is no f in font nullfont!
Missing character: There is no D in font nullfont!
Missing character: There is no E in font nullfont!
Missing character: There is no C in font nullfont!
Missing character: There is no p in font nullfont!
Missing character: There is no a in font nullfont!
Missing character: There is no r in font nullfont!
Missing character: There is no t in font nullfont!
Missing character: There is no i in font nullfont!
Missing character: There is no c in font nullfont!
Missing character: There is no i in font nullfont!
Missing character: There is no p in font nullfont!
Missing character: There is no a in font nullfont!
Missing character: There is no t in font nullfont!
Missing character: There is no e in font nullfont!
Missing character: There is no i in font nullfont!
Missing character: There is no n in font nullfont!
Missing character: There is no a in font nullfont!
Missing character: There is no p in font nullfont!
Missing character: There is no r in font nullfont!
Missing character: There is no o in font nullfont!
Missing character: There is no f in font nullfont!
Missing character: There is no i in font nullfont!
Missing character: There is no t in font nullfont!
Missing character: There is no - in font nullfont!
Missing character: There is no s in font nullfont!
Missing character: There is no h in font nullfont!
Missing character: There is no a in font nullfont!
Missing character: There is no r in font nullfont!
Missing character: There is no i in font nullfont!
Missing character: There is no n in font nullfont!
Missing character: There is no g in font nullfont!
Missing character: There is no p in font nullfont!
Missing character: There is no l in font nullfont!
Missing character: There is no a in font nullfont!
Missing character: There is no n in font nullfont!
Missing character: There is no . in font nullfont!

! LaTeX Error: \begin{document} ended by \end{question}.

See the LaTeX manual or LaTeX Companion for explanation.
Type  H <return>  for immediate help.
 ...                                              
                                                  
l.65 \end{question}
                   
Your command was ignored.
Type  I <command> <return>  to replace it with another command,
or  <return>  to continue without it.


! LaTeX Error: Environment solution undefined.

See the LaTeX manual or LaTeX Companion for explanation.
Type  H <return>  for immediate help.
 ...                                              
                                                  
l.66 \begin{solution}
                     
Your command was ignored.
Type  I <command> <return>  to replace it with another command,
or  <return>  to continue without it.


! LaTeX Error: \begin{document} ended by \end{solution}.

See the LaTeX manual or LaTeX Companion for explanation.
Type  H <return>  for immediate help.
 ...                                              
                                                  
l.67 \end{solution}
                   
Your command was ignored.
Type  I <command> <return>  to replace it with another command,
or  <return>  to continue without it.


! LaTeX Error: Environment question undefined.

See the LaTeX manual or LaTeX Companion for explanation.
Type  H <return>  for immediate help.
 ...                                              
                                                  
l.69 \begin{question}
                     
Your command was ignored.
Type  I <command> <return>  to replace it with another command,
or  <return>  to continue without it.

Missing character: There is no è¯• in font nullfont!
Missing character: There is no æ„ in font nullfont!
Missing character: There is no é€  in font nullfont!
Missing character: There is no ä¸€ in font nullfont!
Missing character: There is no ä¸ª in font nullfont!
Missing character: There is no æ in font nullfont!
Missing character: There is no è¿° in font nullfont!
Missing character: There is no ä½  in font nullfont!
Missing character: There is no çš„ in font nullfont!
Missing character: There is no å¯ in font nullfont!
Missing character: There is no å®¤ in font nullfont!
Missing character: There is no æˆ– in font nullfont!
Missing character: There is no åŠ in font nullfont!
Missing character: There is no å…¬ in font nullfont!
Missing character: There is no å®¤ in font nullfont!
Missing character: There is no çš„ in font nullfont!
Missing character: There is no æ¡† in font nullfont!
Missing character: There is no æ¶ in font nullfont!
Missing character: There is no ç³» in font nullfont!
Missing character: There is no ç»Ÿ in font nullfont!
Missing character: There is no ã€‚ in font nullfont!

! LaTeX Error: \begin{document} ended by \end{question}.

See the LaTeX manual or LaTeX Companion for explanation.
Type  H <return>  for immediate help.
 ...                                              
                                                  
l.71 \end{question}
                   
Your command was ignored.
Type  I <command> <return>  to replace it with another command,
or  <return>  to continue without it.


! LaTeX Error: Environment solution undefined.

See the LaTeX manual or LaTeX Companion for explanation.
Type  H <return>  for immediate help.
 ...                                              
                                                  
l.72 \begin{solution}
                     
Your command was ignored.
Type  I <command> <return>  to replace it with another command,
or  <return>  to continue without it.


! LaTeX Error: \begin{document} ended by \end{solution}.

See the LaTeX manual or LaTeX Companion for explanation.
Type  H <return>  for immediate help.
 ...                                              
                                                  
l.73 \end{solution}
                   
Your command was ignored.
Type  I <command> <return>  to replace it with another command,
or  <return>  to continue without it.


Overfull \hbox (20.0pt too wide) in paragraph at lines 70--74
[]
 []


! LaTeX Error: Environment question undefined.

See the LaTeX manual or LaTeX Companion for explanation.
Type  H <return>  for immediate help.
 ...                                              
                                                  
l.75 \begin{question}
                     
Your command was ignored.
Type  I <command> <return>  to replace it with another command,
or  <return>  to continue without it.

Missing character: There is no æ¡† in font nullfont!
Missing character: There is no æ¶ in font nullfont!
Missing character: There is no å’Œ in font nullfont!
Missing character: There is no æœ¬ in font nullfont!
Missing character: There is no ä½“ in font nullfont!
Missing character: There is no æœ‰ in font nullfont!
Missing character: There is no ä½• in font nullfont!
Missing character: There is no å…³ in font nullfont!
Missing character: There is no ç³» in font nullfont!
Missing character: There is no ä¸ in font nullfont!
Missing character: There is no åŒº in font nullfont!
Missing character: There is no åˆ« in font nullfont!
Missing character: There is no ï¼Ÿ in font nullfont!

! LaTeX Error: \begin{document} ended by \end{question}.

See the LaTeX manual or LaTeX Companion for explanation.
Type  H <return>  for immediate help.
 ...                                              
                                                  
l.77 \end{question}
                   
Your command was ignored.
Type  I <command> <return>  to replace it with another command,
or  <return>  to continue without it.


! LaTeX Error: Environment solution undefined.

See the LaTeX manual or LaTeX Companion for explanation.
Type  H <return>  for immediate help.
 ...                                              
                                                  
l.78 \begin{solution}
                     
Your command was ignored.
Type  I <command> <return>  to replace it with another command,
or  <return>  to continue without it.


! LaTeX Error: \begin{document} ended by \end{solution}.

See the LaTeX manual or LaTeX Companion for explanation.
Type  H <return>  for immediate help.
 ...                                              
                                                  
l.79 \end{solution}
                   
Your command was ignored.
Type  I <command> <return>  to replace it with another command,
or  <return>  to continue without it.

)
! Emergency stop.
<*> Chapter_2.tex
                 
*** (job aborted, no legal \end found)

 
Here is how much of TeX's memory you used:
 14 strings out of 495211
 145 string characters out of 6179843
 48948 words of memory out of 5000000
 3405 multiletter control sequences out of 15000+600000
 3640 words of font info for 14 fonts, out of 8000000 for 9000
 286 hyphenation exceptions out of 8191
 18i,6n,12p,225b,79s stack positions out of 5000i,500n,10000p,200000b,80000s
No pages of output.
