This is XeTeX, Version 3.14159265-2.6-0.99992 (TeX Live 2015/Debian) (preloaded format=xelatex 2017.7.13)  14 JUL 2017 23:20
entering extended mode
 restricted \write18 enabled.
 %&-line parsing enabled.
**Chapter_1.tex
(./Chapter_1.tex
LaTeX2e <2016/02/01>
Babel <3.9q> and hyphenation patterns for 14 language(s) loaded.
! Undefined control sequence.
l.1 \chapter
            {ç»ªè®º}
The control sequence at the end of the top line
of your error message was never \def'ed. If you have
misspelled it (e.g., `\hobx'), type `I' and the correct
spelling (e.g., `I\hbox'). Otherwise just continue,
and I'll forget about whatever was undefined.


! LaTeX Error: Missing \begin{document}.

See the LaTeX manual or LaTeX Companion for explanation.
Type  H <return>  for immediate help.
 ...                                              
                                                  
l.1 \chapter{ç»ª
                è®º}
You're in trouble here.  Try typing  <return>  to proceed.
If that doesn't work, type  X <return>  to quit.

Missing character: There is no ç»ª in font nullfont!
Missing character: There is no è®º in font nullfont!

Overfull \hbox (20.0pt too wide) in paragraph at lines 1--2
[] 
 []


! LaTeX Error: Environment question undefined.

See the LaTeX manual or LaTeX Companion for explanation.
Type  H <return>  for immediate help.
 ...                                              
                                                  
l.3 \begin{question}
                    
Your command was ignored.
Type  I <command> <return>  to replace it with another command,
or  <return>  to continue without it.


! LaTeX Error: Missing \begin{document}.

See the LaTeX manual or LaTeX Companion for explanation.
Type  H <return>  for immediate help.
 ...                                              
                                                  
l.4 ä»€
       ä¹ˆæ˜¯äººå·¥æ™ºèƒ½ï¼Ÿè¯•ä»å­¦ç§‘å’Œèƒ½åŠ›ä¸¤æ–¹é¢åŠ ä»¥è¯´æ˜ã€‚
You're in trouble here.  Try typing  <return>  to proceed.
If that doesn't work, type  X <return>  to quit.

Missing character: There is no ä»€ in font nullfont!
Missing character: There is no ä¹ˆ in font nullfont!
Missing character: There is no æ˜¯ in font nullfont!
Missing character: There is no äºº in font nullfont!
Missing character: There is no å·¥ in font nullfont!
Missing character: There is no æ™º in font nullfont!
Missing character: There is no èƒ½ in font nullfont!
Missing character: There is no ï¼Ÿ in font nullfont!
Missing character: There is no è¯• in font nullfont!
Missing character: There is no ä» in font nullfont!
Missing character: There is no å­¦ in font nullfont!
Missing character: There is no ç§‘ in font nullfont!
Missing character: There is no å’Œ in font nullfont!
Missing character: There is no èƒ½ in font nullfont!
Missing character: There is no åŠ› in font nullfont!
Missing character: There is no ä¸¤ in font nullfont!
Missing character: There is no æ–¹ in font nullfont!
Missing character: There is no é¢ in font nullfont!
Missing character: There is no åŠ  in font nullfont!
Missing character: There is no ä»¥ in font nullfont!
Missing character: There is no è¯´ in font nullfont!
Missing character: There is no æ˜ in font nullfont!
Missing character: There is no ã€‚ in font nullfont!

! LaTeX Error: \begin{document} ended by \end{question}.

See the LaTeX manual or LaTeX Companion for explanation.
Type  H <return>  for immediate help.
 ...                                              
                                                  
l.5 \end{question}
                  
Your command was ignored.
Type  I <command> <return>  to replace it with another command,
or  <return>  to continue without it.


! LaTeX Error: Environment solution undefined.

See the LaTeX manual or LaTeX Companion for explanation.
Type  H <return>  for immediate help.
 ...                                              
                                                  
l.6 \begin{solution}
                    
Your command was ignored.
Type  I <command> <return>  to replace it with another command,
or  <return>  to continue without it.


! LaTeX Error: \begin{document} ended by \end{solution}.

See the LaTeX manual or LaTeX Companion for explanation.
Type  H <return>  for immediate help.
 ...                                              
                                                  
l.7 \end{solution}
                  
Your command was ignored.
Type  I <command> <return>  to replace it with another command,
or  <return>  to continue without it.


Overfull \hbox (20.0pt too wide) in paragraph at lines 4--8
[]
 []


! LaTeX Error: Environment question undefined.

See the LaTeX manual or LaTeX Companion for explanation.
Type  H <return>  for immediate help.
 ...                                              
                                                  
l.9 \begin{question}
                    
Your command was ignored.
Type  I <command> <return>  to replace it with another command,
or  <return>  to continue without it.


! LaTeX Error: Missing \begin{document}.

See the LaTeX manual or LaTeX Companion for explanation.
Type  H <return>  for immediate help.
 ...                                              
                                                  
l.10 åœ¨
        äººå·¥æ™ºèƒ½çš„å‘å±•è¿‡ç¨‹ä¸­ï¼Œæœ‰å“ªäº›æ€æƒ³å’Œæ€æ½®èµ·äº†é‡è¦...

You're in trouble here.  Try typing  <return>  to proceed.
If that doesn't work, type  X <return>  to quit.

Missing character: There is no åœ¨ in font nullfont!
Missing character: There is no äºº in font nullfont!
Missing character: There is no å·¥ in font nullfont!
Missing character: There is no æ™º in font nullfont!
Missing character: There is no èƒ½ in font nullfont!
Missing character: There is no çš„ in font nullfont!
Missing character: There is no å‘ in font nullfont!
Missing character: There is no å±• in font nullfont!
Missing character: There is no è¿‡ in font nullfont!
Missing character: There is no ç¨‹ in font nullfont!
Missing character: There is no ä¸­ in font nullfont!
Missing character: There is no ï¼Œ in font nullfont!
Missing character: There is no æœ‰ in font nullfont!
Missing character: There is no å“ª in font nullfont!
Missing character: There is no äº› in font nullfont!
Missing character: There is no æ€ in font nullfont!
Missing character: There is no æƒ³ in font nullfont!
Missing character: There is no å’Œ in font nullfont!
Missing character: There is no æ€ in font nullfont!
Missing character: There is no æ½® in font nullfont!
Missing character: There is no èµ· in font nullfont!
Missing character: There is no äº† in font nullfont!
Missing character: There is no é‡ in font nullfont!
Missing character: There is no è¦ in font nullfont!
Missing character: There is no ä½œ in font nullfont!
Missing character: There is no ç”¨ in font nullfont!
Missing character: There is no ï¼Ÿ in font nullfont!

! LaTeX Error: \begin{document} ended by \end{question}.

See the LaTeX manual or LaTeX Companion for explanation.
Type  H <return>  for immediate help.
 ...                                              
                                                  
l.11 \end{question}
                   
Your command was ignored.
Type  I <command> <return>  to replace it with another command,
or  <return>  to continue without it.


! LaTeX Error: Environment solution undefined.

See the LaTeX manual or LaTeX Companion for explanation.
Type  H <return>  for immediate help.
 ...                                              
                                                  
l.12 \begin{solution}
                     
Your command was ignored.
Type  I <command> <return>  to replace it with another command,
or  <return>  to continue without it.


! LaTeX Error: \begin{document} ended by \end{solution}.

See the LaTeX manual or LaTeX Companion for explanation.
Type  H <return>  for immediate help.
 ...                                              
                                                  
l.13 \end{solution}
                   
Your command was ignored.
Type  I <command> <return>  to replace it with another command,
or  <return>  to continue without it.


Overfull \hbox (20.0pt too wide) in paragraph at lines 10--14
[]
 []


! LaTeX Error: Environment question undefined.

See the LaTeX manual or LaTeX Companion for explanation.
Type  H <return>  for immediate help.
 ...                                              
                                                  
l.15 \begin{question}
                     
Your command was ignored.
Type  I <command> <return>  to replace it with another command,
or  <return>  to continue without it.


! LaTeX Error: Missing \begin{document}.

See the LaTeX manual or LaTeX Companion for explanation.
Type  H <return>  for immediate help.
 ...                                              
                                                  
l.16 åœ¨
        è¿‡å»çš„20å¹´ä¸­ï¼Œäººå·¥æ™ºèƒ½å‘ç”Ÿäº†ä»€ä¹ˆå˜åŒ–ï¼Ÿ
You're in trouble here.  Try typing  <return>  to proceed.
If that doesn't work, type  X <return>  to quit.

Missing character: There is no åœ¨ in font nullfont!
Missing character: There is no è¿‡ in font nullfont!
Missing character: There is no å» in font nullfont!
Missing character: There is no çš„ in font nullfont!
Missing character: There is no 2 in font nullfont!
Missing character: There is no 0 in font nullfont!
Missing character: There is no å¹´ in font nullfont!
Missing character: There is no ä¸­ in font nullfont!
Missing character: There is no ï¼Œ in font nullfont!
Missing character: There is no äºº in font nullfont!
Missing character: There is no å·¥ in font nullfont!
Missing character: There is no æ™º in font nullfont!
Missing character: There is no èƒ½ in font nullfont!
Missing character: There is no å‘ in font nullfont!
Missing character: There is no ç”Ÿ in font nullfont!
Missing character: There is no äº† in font nullfont!
Missing character: There is no ä»€ in font nullfont!
Missing character: There is no ä¹ˆ in font nullfont!
Missing character: There is no å˜ in font nullfont!
Missing character: There is no åŒ– in font nullfont!
Missing character: There is no ï¼Ÿ in font nullfont!

! LaTeX Error: \begin{document} ended by \end{question}.

See the LaTeX manual or LaTeX Companion for explanation.
Type  H <return>  for immediate help.
 ...                                              
                                                  
l.17 \end{question}
                   
Your command was ignored.
Type  I <command> <return>  to replace it with another command,
or  <return>  to continue without it.


! LaTeX Error: Environment solution undefined.

See the LaTeX manual or LaTeX Companion for explanation.
Type  H <return>  for immediate help.
 ...                                              
                                                  
l.18 \begin{solution}
                     
Your command was ignored.
Type  I <command> <return>  to replace it with another command,
or  <return>  to continue without it.


! LaTeX Error: \begin{document} ended by \end{solution}.

See the LaTeX manual or LaTeX Companion for explanation.
Type  H <return>  for immediate help.
 ...                                              
                                                  
l.19 \end{solution}
                   
Your command was ignored.
Type  I <command> <return>  to replace it with another command,
or  <return>  to continue without it.


Overfull \hbox (20.0pt too wide) in paragraph at lines 16--20
[]
 []


! LaTeX Error: Environment question undefined.

See the LaTeX manual or LaTeX Companion for explanation.
Type  H <return>  for immediate help.
 ...                                              
                                                  
l.21 \begin{question}
                     
Your command was ignored.
Type  I <command> <return>  to replace it with another command,
or  <return>  to continue without it.


! LaTeX Error: Missing \begin{document}.

See the LaTeX manual or LaTeX Companion for explanation.
Type  H <return>  for immediate help.
 ...                                              
                                                  
l.22 ä¸º
        ä»€ä¹ˆèƒ½å¤Ÿç”¨æœºå™¨ï¼ˆè®¡ç®—æœºï¼‰æ¨¡ä»¿äººçš„æ™ºèƒ½ï¼Ÿ
You're in trouble here.  Try typing  <return>  to proceed.
If that doesn't work, type  X <return>  to quit.

Missing character: There is no ä¸º in font nullfont!
Missing character: There is no ä»€ in font nullfont!
Missing character: There is no ä¹ˆ in font nullfont!
Missing character: There is no èƒ½ in font nullfont!
Missing character: There is no å¤Ÿ in font nullfont!
Missing character: There is no ç”¨ in font nullfont!
Missing character: There is no æœº in font nullfont!
Missing character: There is no å™¨ in font nullfont!
Missing character: There is no ï¼ˆ in font nullfont!
Missing character: There is no è®¡ in font nullfont!
Missing character: There is no ç®— in font nullfont!
Missing character: There is no æœº in font nullfont!
Missing character: There is no ï¼‰ in font nullfont!
Missing character: There is no æ¨¡ in font nullfont!
Missing character: There is no ä»¿ in font nullfont!
Missing character: There is no äºº in font nullfont!
Missing character: There is no çš„ in font nullfont!
Missing character: There is no æ™º in font nullfont!
Missing character: There is no èƒ½ in font nullfont!
Missing character: There is no ï¼Ÿ in font nullfont!

! LaTeX Error: \begin{document} ended by \end{question}.

See the LaTeX manual or LaTeX Companion for explanation.
Type  H <return>  for immediate help.
 ...                                              
                                                  
l.23 \end{question}
                   
Your command was ignored.
Type  I <command> <return>  to replace it with another command,
or  <return>  to continue without it.


! LaTeX Error: Environment solution undefined.

See the LaTeX manual or LaTeX Companion for explanation.
Type  H <return>  for immediate help.
 ...                                              
                                                  
l.24 \begin{solution}
                     
Your command was ignored.
Type  I <command> <return>  to replace it with another command,
or  <return>  to continue without it.


! LaTeX Error: \begin{document} ended by \end{solution}.

See the LaTeX manual or LaTeX Companion for explanation.
Type  H <return>  for immediate help.
 ...                                              
                                                  
l.25 \end{solution}
                   
Your command was ignored.
Type  I <command> <return>  to replace it with another command,
or  <return>  to continue without it.


Overfull \hbox (20.0pt too wide) in paragraph at lines 22--26
[]
 []


! LaTeX Error: Environment question undefined.

See the LaTeX manual or LaTeX Companion for explanation.
Type  H <return>  for immediate help.
 ...                                              
                                                  
l.27 \begin{question}
                     
Your command was ignored.
Type  I <command> <return>  to replace it with another command,
or  <return>  to continue without it.


! LaTeX Error: Missing \begin{document}.

See the LaTeX manual or LaTeX Companion for explanation.
Type  H <return>  for immediate help.
 ...                                              
                                                  
l.28 ç°
        åœ¨äººå·¥æ™ºèƒ½æœ‰å“ªäº›å­¦æ´¾ï¼Ÿå®ƒä»¬çš„è®¤çŸ¥è§‚æ˜¯ä»€ä¹ˆï¼Ÿç°åœ...

You're in trouble here.  Try typing  <return>  to proceed.
If that doesn't work, type  X <return>  to quit.

Missing character: There is no ç° in font nullfont!
Missing character: There is no åœ¨ in font nullfont!
Missing character: There is no äºº in font nullfont!
Missing character: There is no å·¥ in font nullfont!
Missing character: There is no æ™º in font nullfont!
Missing character: There is no èƒ½ in font nullfont!
Missing character: There is no æœ‰ in font nullfont!
Missing character: There is no å“ª in font nullfont!
Missing character: There is no äº› in font nullfont!
Missing character: There is no å­¦ in font nullfont!
Missing character: There is no æ´¾ in font nullfont!
Missing character: There is no ï¼Ÿ in font nullfont!
Missing character: There is no å®ƒ in font nullfont!
Missing character: There is no ä»¬ in font nullfont!
Missing character: There is no çš„ in font nullfont!
Missing character: There is no è®¤ in font nullfont!
Missing character: There is no çŸ¥ in font nullfont!
Missing character: There is no è§‚ in font nullfont!
Missing character: There is no æ˜¯ in font nullfont!
Missing character: There is no ä»€ in font nullfont!
Missing character: There is no ä¹ˆ in font nullfont!
Missing character: There is no ï¼Ÿ in font nullfont!
Missing character: There is no ç° in font nullfont!
Missing character: There is no åœ¨ in font nullfont!
Missing character: There is no è¿™ in font nullfont!
Missing character: There is no äº› in font nullfont!
Missing character: There is no å­¦ in font nullfont!
Missing character: There is no æ´¾ in font nullfont!
Missing character: There is no çš„ in font nullfont!
Missing character: There is no å…³ in font nullfont!
Missing character: There is no ç³» in font nullfont!
Missing character: There is no å¦‚ in font nullfont!
Missing character: There is no ä½• in font nullfont!
Missing character: There is no ï¼Ÿ in font nullfont!

! LaTeX Error: \begin{document} ended by \end{question}.

See the LaTeX manual or LaTeX Companion for explanation.
Type  H <return>  for immediate help.
 ...                                              
                                                  
l.29 \end{question}
                   
Your command was ignored.
Type  I <command> <return>  to replace it with another command,
or  <return>  to continue without it.


! LaTeX Error: Environment solution undefined.

See the LaTeX manual or LaTeX Companion for explanation.
Type  H <return>  for immediate help.
 ...                                              
                                                  
l.30 \begin{solution}
                     
Your command was ignored.
Type  I <command> <return>  to replace it with another command,
or  <return>  to continue without it.


! LaTeX Error: \begin{document} ended by \end{solution}.

See the LaTeX manual or LaTeX Companion for explanation.
Type  H <return>  for immediate help.
 ...                                              
                                                  
l.31 \end{solution}
                   
Your command was ignored.
Type  I <command> <return>  to replace it with another command,
or  <return>  to continue without it.


Overfull \hbox (20.0pt too wide) in paragraph at lines 28--32
[]
 []


! LaTeX Error: Environment question undefined.

See the LaTeX manual or LaTeX Companion for explanation.
Type  H <return>  for immediate help.
 ...                                              
                                                  
l.33 \begin{question}
                     
Your command was ignored.
Type  I <command> <return>  to replace it with another command,
or  <return>  to continue without it.


! LaTeX Error: Missing \begin{document}.

See the LaTeX manual or LaTeX Companion for explanation.
Type  H <return>  for immediate help.
 ...                                              
                                                  
l.34 ä½ 
        è®¤ä¸ºåº”ä»å“ªäº›å±‚æ¬¡å¯¹è®¤çŸ¥è¡Œä¸ºè¿›è¡Œç ”ç©¶ï¼Ÿ
You're in trouble here.  Try typing  <return>  to proceed.
If that doesn't work, type  X <return>  to quit.

Missing character: There is no ä½  in font nullfont!
Missing character: There is no è®¤ in font nullfont!
Missing character: There is no ä¸º in font nullfont!
Missing character: There is no åº” in font nullfont!
Missing character: There is no ä» in font nullfont!
Missing character: There is no å“ª in font nullfont!
Missing character: There is no äº› in font nullfont!
Missing character: There is no å±‚ in font nullfont!
Missing character: There is no æ¬¡ in font nullfont!
Missing character: There is no å¯¹ in font nullfont!
Missing character: There is no è®¤ in font nullfont!
Missing character: There is no çŸ¥ in font nullfont!
Missing character: There is no è¡Œ in font nullfont!
Missing character: There is no ä¸º in font nullfont!
Missing character: There is no è¿› in font nullfont!
Missing character: There is no è¡Œ in font nullfont!
Missing character: There is no ç ” in font nullfont!
Missing character: There is no ç©¶ in font nullfont!
Missing character: There is no ï¼Ÿ in font nullfont!

! LaTeX Error: \begin{document} ended by \end{question}.

See the LaTeX manual or LaTeX Companion for explanation.
Type  H <return>  for immediate help.
 ...                                              
                                                  
l.35 \end{question}
                   
Your command was ignored.
Type  I <command> <return>  to replace it with another command,
or  <return>  to continue without it.


! LaTeX Error: Environment solution undefined.

See the LaTeX manual or LaTeX Companion for explanation.
Type  H <return>  for immediate help.
 ...                                              
                                                  
l.36 \begin{solution}
                     
Your command was ignored.
Type  I <command> <return>  to replace it with another command,
or  <return>  to continue without it.


! LaTeX Error: \begin{document} ended by \end{solution}.

See the LaTeX manual or LaTeX Companion for explanation.
Type  H <return>  for immediate help.
 ...                                              
                                                  
l.37 \end{solution}
                   
Your command was ignored.
Type  I <command> <return>  to replace it with another command,
or  <return>  to continue without it.


Overfull \hbox (20.0pt too wide) in paragraph at lines 34--38
[]
 []


! LaTeX Error: Environment question undefined.

See the LaTeX manual or LaTeX Companion for explanation.
Type  H <return>  for immediate help.
 ...                                              
                                                  
l.39 \begin{question}
                     
Your command was ignored.
Type  I <command> <return>  to replace it with another command,
or  <return>  to continue without it.


! LaTeX Error: Missing \begin{document}.

See the LaTeX manual or LaTeX Companion for explanation.
Type  H <return>  for immediate help.
 ...                                              
                                                  
l.40 ä½ 
        æ˜¯å¦‚ä½•ç†è§£äººå·¥æ™ºèƒ½çš„ç ”ç©¶ç›®æ ‡çš„ï¼Ÿ
You're in trouble here.  Try typing  <return>  to proceed.
If that doesn't work, type  X <return>  to quit.

Missing character: There is no ä½  in font nullfont!
Missing character: There is no æ˜¯ in font nullfont!
Missing character: There is no å¦‚ in font nullfont!
Missing character: There is no ä½• in font nullfont!
Missing character: There is no ç† in font nullfont!
Missing character: There is no è§£ in font nullfont!
Missing character: There is no äºº in font nullfont!
Missing character: There is no å·¥ in font nullfont!
Missing character: There is no æ™º in font nullfont!
Missing character: There is no èƒ½ in font nullfont!
Missing character: There is no çš„ in font nullfont!
Missing character: There is no ç ” in font nullfont!
Missing character: There is no ç©¶ in font nullfont!
Missing character: There is no ç›® in font nullfont!
Missing character: There is no æ ‡ in font nullfont!
Missing character: There is no çš„ in font nullfont!
Missing character: There is no ï¼Ÿ in font nullfont!

! LaTeX Error: \begin{document} ended by \end{question}.

See the LaTeX manual or LaTeX Companion for explanation.
Type  H <return>  for immediate help.
 ...                                              
                                                  
l.41 \end{question}
                   
Your command was ignored.
Type  I <command> <return>  to replace it with another command,
or  <return>  to continue without it.


! LaTeX Error: Environment solution undefined.

See the LaTeX manual or LaTeX Companion for explanation.
Type  H <return>  for immediate help.
 ...                                              
                                                  
l.42 \begin{solution}
                     
Your command was ignored.
Type  I <command> <return>  to replace it with another command,
or  <return>  to continue without it.


! LaTeX Error: \begin{document} ended by \end{solution}.

See the LaTeX manual or LaTeX Companion for explanation.
Type  H <return>  for immediate help.
 ...                                              
                                                  
l.43 \end{solution}
                   
Your command was ignored.
Type  I <command> <return>  to replace it with another command,
or  <return>  to continue without it.


Overfull \hbox (20.0pt too wide) in paragraph at lines 40--44
[]
 []


! LaTeX Error: Environment question undefined.

See the LaTeX manual or LaTeX Companion for explanation.
Type  H <return>  for immediate help.
 ...                                              
                                                  
l.45 \begin{question}
                     
Your command was ignored.
Type  I <command> <return>  to replace it with another command,
or  <return>  to continue without it.


! LaTeX Error: Missing \begin{document}.

See the LaTeX manual or LaTeX Companion for explanation.
Type  H <return>  for immediate help.
 ...                                              
                                                  
l.46 äºº
        å·¥æ™ºèƒ½ç ”ç©¶åŒ…æ‹¬å“ªäº›å†…å®¹ï¼Ÿè¿™äº›å†…å®¹çš„é‡è¦æ€§å¦‚ä½•ï¼Ÿ
You're in trouble here.  Try typing  <return>  to proceed.
If that doesn't work, type  X <return>  to quit.

Missing character: There is no äºº in font nullfont!
Missing character: There is no å·¥ in font nullfont!
Missing character: There is no æ™º in font nullfont!
Missing character: There is no èƒ½ in font nullfont!
Missing character: There is no ç ” in font nullfont!
Missing character: There is no ç©¶ in font nullfont!
Missing character: There is no åŒ… in font nullfont!
Missing character: There is no æ‹¬ in font nullfont!
Missing character: There is no å“ª in font nullfont!
Missing character: There is no äº› in font nullfont!
Missing character: There is no å†… in font nullfont!
Missing character: There is no å®¹ in font nullfont!
Missing character: There is no ï¼Ÿ in font nullfont!
Missing character: There is no è¿™ in font nullfont!
Missing character: There is no äº› in font nullfont!
Missing character: There is no å†… in font nullfont!
Missing character: There is no å®¹ in font nullfont!
Missing character: There is no çš„ in font nullfont!
Missing character: There is no é‡ in font nullfont!
Missing character: There is no è¦ in font nullfont!
Missing character: There is no æ€§ in font nullfont!
Missing character: There is no å¦‚ in font nullfont!
Missing character: There is no ä½• in font nullfont!
Missing character: There is no ï¼Ÿ in font nullfont!

! LaTeX Error: \begin{document} ended by \end{question}.

See the LaTeX manual or LaTeX Companion for explanation.
Type  H <return>  for immediate help.
 ...                                              
                                                  
l.47 \end{question}
                   
Your command was ignored.
Type  I <command> <return>  to replace it with another command,
or  <return>  to continue without it.


! LaTeX Error: Environment solution undefined.

See the LaTeX manual or LaTeX Companion for explanation.
Type  H <return>  for immediate help.
 ...                                              
                                                  
l.48 \begin{solution}
                     
Your command was ignored.
Type  I <command> <return>  to replace it with another command,
or  <return>  to continue without it.


! LaTeX Error: \begin{document} ended by \end{solution}.

See the LaTeX manual or LaTeX Companion for explanation.
Type  H <return>  for immediate help.
 ...                                              
                                                  
l.49 \end{solution}
                   
Your command was ignored.
Type  I <command> <return>  to replace it with another command,
or  <return>  to continue without it.


Overfull \hbox (20.0pt too wide) in paragraph at lines 46--50
[]
 []


! LaTeX Error: Environment question undefined.

See the LaTeX manual or LaTeX Companion for explanation.
Type  H <return>  for immediate help.
 ...                                              
                                                  
l.51 \begin{question}
                     
Your command was ignored.
Type  I <command> <return>  to replace it with another command,
or  <return>  to continue without it.


! LaTeX Error: Missing \begin{document}.

See the LaTeX manual or LaTeX Companion for explanation.
Type  H <return>  for immediate help.
 ...                                              
                                                  
l.52 äºº
        å·¥æ™ºèƒ½çš„åŸºæœ¬ç ”ç©¶æ–¹æ³•æœ‰å“ªå‡ ç±»ï¼Ÿå®ƒä»¬ä¸äººå·¥æ™ºèƒ½å­...

You're in trouble here.  Try typing  <return>  to proceed.
If that doesn't work, type  X <return>  to quit.

Missing character: There is no äºº in font nullfont!
Missing character: There is no å·¥ in font nullfont!
Missing character: There is no æ™º in font nullfont!
Missing character: There is no èƒ½ in font nullfont!
Missing character: There is no çš„ in font nullfont!
Missing character: There is no åŸº in font nullfont!
Missing character: There is no æœ¬ in font nullfont!
Missing character: There is no ç ” in font nullfont!
Missing character: There is no ç©¶ in font nullfont!
Missing character: There is no æ–¹ in font nullfont!
Missing character: There is no æ³• in font nullfont!
Missing character: There is no æœ‰ in font nullfont!
Missing character: There is no å“ª in font nullfont!
Missing character: There is no å‡  in font nullfont!
Missing character: There is no ç±» in font nullfont!
Missing character: There is no ï¼Ÿ in font nullfont!
Missing character: There is no å®ƒ in font nullfont!
Missing character: There is no ä»¬ in font nullfont!
Missing character: There is no ä¸ in font nullfont!
Missing character: There is no äºº in font nullfont!
Missing character: There is no å·¥ in font nullfont!
Missing character: There is no æ™º in font nullfont!
Missing character: There is no èƒ½ in font nullfont!
Missing character: There is no å­¦ in font nullfont!
Missing character: There is no æ´¾ in font nullfont!
Missing character: There is no çš„ in font nullfont!
Missing character: There is no å…³ in font nullfont!
Missing character: There is no ç³» in font nullfont!
Missing character: There is no å¦‚ in font nullfont!
Missing character: There is no ä½• in font nullfont!
Missing character: There is no ï¼Ÿ in font nullfont!

! LaTeX Error: \begin{document} ended by \end{question}.

See the LaTeX manual or LaTeX Companion for explanation.
Type  H <return>  for immediate help.
 ...                                              
                                                  
l.53 \end{question}
                   
Your command was ignored.
Type  I <command> <return>  to replace it with another command,
or  <return>  to continue without it.


! LaTeX Error: Environment solution undefined.

See the LaTeX manual or LaTeX Companion for explanation.
Type  H <return>  for immediate help.
 ...                                              
                                                  
l.54 \begin{solution}
                     
Your command was ignored.
Type  I <command> <return>  to replace it with another command,
or  <return>  to continue without it.


! LaTeX Error: \begin{document} ended by \end{solution}.

See the LaTeX manual or LaTeX Companion for explanation.
Type  H <return>  for immediate help.
 ...                                              
                                                  
l.55 \end{solution}
                   
Your command was ignored.
Type  I <command> <return>  to replace it with another command,
or  <return>  to continue without it.


Overfull \hbox (20.0pt too wide) in paragraph at lines 52--56
[]
 []


! LaTeX Error: Environment question undefined.

See the LaTeX manual or LaTeX Companion for explanation.
Type  H <return>  for immediate help.
 ...                                              
                                                  
l.57 \begin{question}
                     
Your command was ignored.
Type  I <command> <return>  to replace it with another command,
or  <return>  to continue without it.


! LaTeX Error: Missing \begin{document}.

See the LaTeX manual or LaTeX Companion for explanation.
Type  H <return>  for immediate help.
 ...                                              
                                                  
l.58 äºº
        å·¥æ™ºèƒ½çš„ä¸»è¦ç ”ç©¶å’Œåº”ç”¨é¢†åŸŸæ˜¯ä»€ä¹ˆï¼Ÿå…¶ä¸­ï¼Œå“ªäº›æ˜...

You're in trouble here.  Try typing  <return>  to proceed.
If that doesn't work, type  X <return>  to quit.

Missing character: There is no äºº in font nullfont!
Missing character: There is no å·¥ in font nullfont!
Missing character: There is no æ™º in font nullfont!
Missing character: There is no èƒ½ in font nullfont!
Missing character: There is no çš„ in font nullfont!
Missing character: There is no ä¸» in font nullfont!
Missing character: There is no è¦ in font nullfont!
Missing character: There is no ç ” in font nullfont!
Missing character: There is no ç©¶ in font nullfont!
Missing character: There is no å’Œ in font nullfont!
Missing character: There is no åº” in font nullfont!
Missing character: There is no ç”¨ in font nullfont!
Missing character: There is no é¢† in font nullfont!
Missing character: There is no åŸŸ in font nullfont!
Missing character: There is no æ˜¯ in font nullfont!
Missing character: There is no ä»€ in font nullfont!
Missing character: There is no ä¹ˆ in font nullfont!
Missing character: There is no ï¼Ÿ in font nullfont!
Missing character: There is no å…¶ in font nullfont!
Missing character: There is no ä¸­ in font nullfont!
Missing character: There is no ï¼Œ in font nullfont!
Missing character: There is no å“ª in font nullfont!
Missing character: There is no äº› in font nullfont!
Missing character: There is no æ˜¯ in font nullfont!
Missing character: There is no æ–° in font nullfont!
Missing character: There is no çš„ in font nullfont!
Missing character: There is no ç ” in font nullfont!
Missing character: There is no ç©¶ in font nullfont!
Missing character: There is no çƒ­ in font nullfont!
Missing character: There is no ç‚¹ in font nullfont!
Missing character: There is no ï¼Ÿ in font nullfont!

! LaTeX Error: \begin{document} ended by \end{question}.

See the LaTeX manual or LaTeX Companion for explanation.
Type  H <return>  for immediate help.
 ...                                              
                                                  
l.59 \end{question}
                   
Your command was ignored.
Type  I <command> <return>  to replace it with another command,
or  <return>  to continue without it.


! LaTeX Error: Environment solution undefined.

See the LaTeX manual or LaTeX Companion for explanation.
Type  H <return>  for immediate help.
 ...                                              
                                                  
l.60 \begin{solution}
                     
Your command was ignored.
Type  I <command> <return>  to replace it with another command,
or  <return>  to continue without it.


! LaTeX Error: \begin{document} ended by \end{solution}.

See the LaTeX manual or LaTeX Companion for explanation.
Type  H <return>  for immediate help.
 ...                                              
                                                  
l.61 \end{solution}
                   
Your command was ignored.
Type  I <command> <return>  to replace it with another command,
or  <return>  to continue without it.


Overfull \hbox (20.0pt too wide) in paragraph at lines 58--62
[]
 []


! LaTeX Error: Environment question undefined.

See the LaTeX manual or LaTeX Companion for explanation.
Type  H <return>  for immediate help.
 ...                                              
                                                  
l.63 \begin{question}
                     
Your command was ignored.
Type  I <command> <return>  to replace it with another command,
or  <return>  to continue without it.


! LaTeX Error: Missing \begin{document}.

See the LaTeX manual or LaTeX Companion for explanation.
Type  H <return>  for immediate help.
 ...                                              
                                                  
l.64 ä½ 
        å¯¹äººå·¥æ™ºèƒ½è¯¾ç¨‹æ•™å­¦æœ‰ä½•æ„è§å’Œå»ºè®®ï¼Ÿ
You're in trouble here.  Try typing  <return>  to proceed.
If that doesn't work, type  X <return>  to quit.

Missing character: There is no ä½  in font nullfont!
Missing character: There is no å¯¹ in font nullfont!
Missing character: There is no äºº in font nullfont!
Missing character: There is no å·¥ in font nullfont!
Missing character: There is no æ™º in font nullfont!
Missing character: There is no èƒ½ in font nullfont!
Missing character: There is no è¯¾ in font nullfont!
Missing character: There is no ç¨‹ in font nullfont!
Missing character: There is no æ•™ in font nullfont!
Missing character: There is no å­¦ in font nullfont!
Missing character: There is no æœ‰ in font nullfont!
Missing character: There is no ä½• in font nullfont!
Missing character: There is no æ„ in font nullfont!
Missing character: There is no è§ in font nullfont!
Missing character: There is no å’Œ in font nullfont!
Missing character: There is no å»º in font nullfont!
Missing character: There is no è®® in font nullfont!
Missing character: There is no ï¼Ÿ in font nullfont!

! LaTeX Error: \begin{document} ended by \end{question}.

See the LaTeX manual or LaTeX Companion for explanation.
Type  H <return>  for immediate help.
 ...                                              
                                                  
l.65 \end{question}
                   
Your command was ignored.
Type  I <command> <return>  to replace it with another command,
or  <return>  to continue without it.


! LaTeX Error: Environment solution undefined.

See the LaTeX manual or LaTeX Companion for explanation.
Type  H <return>  for immediate help.
 ...                                              
                                                  
l.66 \begin{solution}
                     
Your command was ignored.
Type  I <command> <return>  to replace it with another command,
or  <return>  to continue without it.


! LaTeX Error: \begin{document} ended by \end{solution}.

See the LaTeX manual or LaTeX Companion for explanation.
Type  H <return>  for immediate help.
 ...                                              
                                                  
l.67 \end{solution}
                   
Your command was ignored.
Type  I <command> <return>  to replace it with another command,
or  <return>  to continue without it.

)
! Emergency stop.
<*> Chapter_1.tex
                 
*** (job aborted, no legal \end found)

 
Here is how much of TeX's memory you used:
 8 strings out of 495211
 88 string characters out of 6179843
 46948 words of memory out of 5000000
 3399 multiletter control sequences out of 15000+600000
 3640 words of font info for 14 fonts, out of 8000000 for 9000
 286 hyphenation exceptions out of 8191
 6i,0n,6p,50b,19s stack positions out of 5000i,500n,10000p,200000b,80000s
No pages of output.
